Performing C SOURCE FILE Test CMAKE_HAVE_LIBC_PTHREAD failed with the following output:
Change Dir: /home/nagase/ROS/ros2_controller_gazebo/glide_robot_ros2_controller/build/gazebo_ros2_control_demos/CMakeFiles/CMakeTmp

Run Build Command(s):/usr/bin/make cmTC_82c7a/fast && /usr/bin/make -f CMakeFiles/cmTC_82c7a.dir/build.make CMakeFiles/cmTC_82c7a.dir/build
make[1]: ディレクトリ '/home/nagase/ROS/ros2_controller_gazebo/glide_robot_ros2_controller/build/gazebo_ros2_control_demos/CMakeFiles/CMakeTmp' に入ります
Building C object CMakeFiles/cmTC_82c7a.dir/src.c.o
/usr/bin/cc   -DCMAKE_HAVE_LIBC_PTHREAD   -o CMakeFiles/cmTC_82c7a.dir/src.c.o   -c /home/nagase/ROS/ros2_controller_gazebo/glide_robot_ros2_controller/build/gazebo_ros2_control_demos/CMakeFiles/CMakeTmp/src.c
Linking C executable cmTC_82c7a
/usr/bin/cmake -E cmake_link_script CMakeFiles/cmTC_82c7a.dir/link.txt --verbose=1
/usr/bin/cc  -DCMAKE_HAVE_LIBC_PTHREAD    CMakeFiles/cmTC_82c7a.dir/src.c.o  -o cmTC_82c7a 
/usr/bin/ld: CMakeFiles/cmTC_82c7a.dir/src.c.o: in function `main':
src.c:(.text+0x46): undefined reference to `pthread_create'
/usr/bin/ld: src.c:(.text+0x52): undefined reference to `pthread_detach'
/usr/bin/ld: src.c:(.text+0x63): undefined reference to `pthread_join'
collect2: error: ld returned 1 exit status
make[1]: *** [CMakeFiles/cmTC_82c7a.dir/build.make:87: cmTC_82c7a] エラー 1
make[1]: ディレクトリ '/home/nagase/ROS/ros2_controller_gazebo/glide_robot_ros2_controller/build/gazebo_ros2_control_demos/CMakeFiles/CMakeTmp' から出ます
make: *** [Makefile:121: cmTC_82c7a/fast] エラー 2


Source file was:
#include <pthread.h>

void* test_func(void* data)
{
  return data;
}

int main(void)
{
  pthread_t thread;
  pthread_create(&thread, NULL, test_func, NULL);
  pthread_detach(thread);
  pthread_join(thread, NULL);
  pthread_atfork(NULL, NULL, NULL);
  pthread_exit(NULL);

  return 0;
}

Determining if the function pthread_create exists in the pthreads failed with the following output:
Change Dir: /home/nagase/ROS/ros2_controller_gazebo/glide_robot_ros2_controller/build/gazebo_ros2_control_demos/CMakeFiles/CMakeTmp

Run Build Command(s):/usr/bin/make cmTC_37870/fast && /usr/bin/make -f CMakeFiles/cmTC_37870.dir/build.make CMakeFiles/cmTC_37870.dir/build
make[1]: ディレクトリ '/home/nagase/ROS/ros2_controller_gazebo/glide_robot_ros2_controller/build/gazebo_ros2_control_demos/CMakeFiles/CMakeTmp' に入ります
Building C object CMakeFiles/cmTC_37870.dir/CheckFunctionExists.c.o
/usr/bin/cc   -DCHECK_FUNCTION_EXISTS=pthread_create   -o CMakeFiles/cmTC_37870.dir/CheckFunctionExists.c.o   -c /usr/share/cmake-3.16/Modules/CheckFunctionExists.c
Linking C executable cmTC_37870
/usr/bin/cmake -E cmake_link_script CMakeFiles/cmTC_37870.dir/link.txt --verbose=1
/usr/bin/cc  -DCHECK_FUNCTION_EXISTS=pthread_create    CMakeFiles/cmTC_37870.dir/CheckFunctionExists.c.o  -o cmTC_37870  -lpthreads 
/usr/bin/ld: -lpthreads が見つかりません
collect2: error: ld returned 1 exit status
make[1]: *** [CMakeFiles/cmTC_37870.dir/build.make:87: cmTC_37870] エラー 1
make[1]: ディレクトリ '/home/nagase/ROS/ros2_controller_gazebo/glide_robot_ros2_controller/build/gazebo_ros2_control_demos/CMakeFiles/CMakeTmp' から出ます
make: *** [Makefile:121: cmTC_37870/fast] エラー 2



