[0.006s] Invoking command in '/home/nagase/ROS/ros2_controller_gazebo/glide_robot_ros2_controller/build/gazebo_ros2_control_demos': AMENT_PREFIX_PATH=/home/nagase/ROS/ros2_controller_gazebo/glide_robot_ros2_controller/install/gazebo_ros2_control:${AMENT_PREFIX_PATH} CMAKE_PREFIX_PATH=/home/nagase/ROS/ros2_controller_gazebo/glide_robot_ros2_controller/install/gazebo_ros2_control:/home/nagase/ROS/ros2_controller_gazebo/install/gazebo_ros2_control_demos:/home/nagase/ROS/ros2_controller_gazebo/install/gazebo_ros2_control:/opt/ros/foxy LD_LIBRARY_PATH=/home/nagase/ROS/ros2_controller_gazebo/glide_robot_ros2_controller/install/gazebo_ros2_control/lib:${LD_LIBRARY_PATH} /usr/bin/cmake /home/nagase/ROS/ros2_controller_gazebo/glide_robot_ros2_controller/gazebo_ros2_control_demos -DCMAKE_INSTALL_PREFIX=/home/nagase/ROS/ros2_controller_gazebo/glide_robot_ros2_controller/install/gazebo_ros2_control_demos
[0.043s] -- The C compiler identification is GNU 9.3.0
[0.082s] -- The CXX compiler identification is GNU 9.3.0
[0.086s] -- Check for working C compiler: /usr/bin/cc
[0.132s] -- Check for working C compiler: /usr/bin/cc -- works
[0.133s] -- Detecting C compiler ABI info
[0.189s] -- Detecting C compiler ABI info - done
[0.200s] -- Detecting C compile features
[0.201s] -- Detecting C compile features - done
[0.203s] -- Check for working CXX compiler: /usr/bin/c++
[0.268s] -- Check for working CXX compiler: /usr/bin/c++ -- works
[0.269s] -- Detecting CXX compiler ABI info
[0.334s] -- Detecting CXX compiler ABI info - done
[0.346s] -- Detecting CXX compile features
[0.346s] -- Detecting CXX compile features - done
[0.348s] -- Found ament_cmake: 0.9.9 (/opt/ros/foxy/share/ament_cmake/cmake)
[0.371s] -- Found PythonInterp: /usr/bin/python3 (found suitable version "3.8.10", minimum required is "3") 
[0.371s] -- Using PYTHON_EXECUTABLE: /usr/bin/python3
[0.518s] -- Found control_msgs: 2.5.1 (/opt/ros/foxy/share/control_msgs/cmake)
[0.540s] -- Using all available rosidl_typesupport_c: rosidl_typesupport_fastrtps_c;rosidl_typesupport_introspection_c
[0.545s] -- Found rosidl_adapter: 1.2.1 (/opt/ros/foxy/share/rosidl_adapter/cmake)
[0.595s] -- Found OpenSSL: /usr/lib/x86_64-linux-gnu/libcrypto.so (found version "1.1.1f")  
[0.616s] -- Found FastRTPS: /opt/ros/foxy/include  
[0.673s] -- Using all available rosidl_typesupport_cpp: rosidl_typesupport_fastrtps_cpp;rosidl_typesupport_introspection_cpp
[1.011s] -- Found rclcpp: 2.4.0 (/opt/ros/foxy/share/rclcpp/cmake)
[1.044s] -- Found rmw_implementation_cmake: 1.0.3 (/opt/ros/foxy/share/rmw_implementation_cmake/cmake)
[1.045s] -- Using RMW implementation 'rmw_fastrtps_cpp' as default
[1.046s] -- Looking for pthread.h
[1.093s] -- Looking for pthread.h - found
[1.094s] -- Performing Test CMAKE_HAVE_LIBC_PTHREAD
[1.144s] -- Performing Test CMAKE_HAVE_LIBC_PTHREAD - Failed
[1.144s] -- Looking for pthread_create in pthreads
[1.197s] -- Looking for pthread_create in pthreads - not found
[1.197s] -- Looking for pthread_create in pthread
[1.256s] -- Looking for pthread_create in pthread - found
[1.257s] -- Found Threads: TRUE  
[1.371s] -- Found rclcpp_action: 2.4.0 (/opt/ros/foxy/share/rclcpp_action/cmake)
[1.396s] -- Found ament_cmake_gtest: 0.9.9 (/opt/ros/foxy/share/ament_cmake_gtest/cmake)
[1.398s] -- Found ament_lint_auto: 0.9.6 (/opt/ros/foxy/share/ament_lint_auto/cmake)
[1.450s] -- Added test 'copyright' to check source files copyright and LICENSE
[1.452s] -- Added test 'flake8' to check Python code syntax and style conventions
[1.452s] -- Added test 'lint_cmake' to check CMake code style
[1.453s] -- Added test 'pep257' to check Python code against some of the style conventions in PEP 257
[1.454s] -- Added test 'xmllint' to check XML markup files
[1.456s] -- Configuring done
[1.458s] -- Generating done
[1.459s] -- Build files have been written to: /home/nagase/ROS/ros2_controller_gazebo/glide_robot_ros2_controller/build/gazebo_ros2_control_demos
[1.464s] Invoked command in '/home/nagase/ROS/ros2_controller_gazebo/glide_robot_ros2_controller/build/gazebo_ros2_control_demos' returned '0': AMENT_PREFIX_PATH=/home/nagase/ROS/ros2_controller_gazebo/glide_robot_ros2_controller/install/gazebo_ros2_control:${AMENT_PREFIX_PATH} CMAKE_PREFIX_PATH=/home/nagase/ROS/ros2_controller_gazebo/glide_robot_ros2_controller/install/gazebo_ros2_control:/home/nagase/ROS/ros2_controller_gazebo/install/gazebo_ros2_control_demos:/home/nagase/ROS/ros2_controller_gazebo/install/gazebo_ros2_control:/opt/ros/foxy LD_LIBRARY_PATH=/home/nagase/ROS/ros2_controller_gazebo/glide_robot_ros2_controller/install/gazebo_ros2_control/lib:${LD_LIBRARY_PATH} /usr/bin/cmake /home/nagase/ROS/ros2_controller_gazebo/glide_robot_ros2_controller/gazebo_ros2_control_demos -DCMAKE_INSTALL_PREFIX=/home/nagase/ROS/ros2_controller_gazebo/glide_robot_ros2_controller/install/gazebo_ros2_control_demos
[1.466s] Invoking command in '/home/nagase/ROS/ros2_controller_gazebo/glide_robot_ros2_controller/build/gazebo_ros2_control_demos': AMENT_PREFIX_PATH=/home/nagase/ROS/ros2_controller_gazebo/glide_robot_ros2_controller/install/gazebo_ros2_control:${AMENT_PREFIX_PATH} CMAKE_PREFIX_PATH=/home/nagase/ROS/ros2_controller_gazebo/glide_robot_ros2_controller/install/gazebo_ros2_control:/home/nagase/ROS/ros2_controller_gazebo/install/gazebo_ros2_control_demos:/home/nagase/ROS/ros2_controller_gazebo/install/gazebo_ros2_control:/opt/ros/foxy LD_LIBRARY_PATH=/home/nagase/ROS/ros2_controller_gazebo/glide_robot_ros2_controller/install/gazebo_ros2_control/lib:${LD_LIBRARY_PATH} /usr/bin/cmake --build /home/nagase/ROS/ros2_controller_gazebo/glide_robot_ros2_controller/build/gazebo_ros2_control_demos -- -j8 -l8
[1.494s] Invoked command in '/home/nagase/ROS/ros2_controller_gazebo/glide_robot_ros2_controller/build/gazebo_ros2_control_demos' returned '0': AMENT_PREFIX_PATH=/home/nagase/ROS/ros2_controller_gazebo/glide_robot_ros2_controller/install/gazebo_ros2_control:${AMENT_PREFIX_PATH} CMAKE_PREFIX_PATH=/home/nagase/ROS/ros2_controller_gazebo/glide_robot_ros2_controller/install/gazebo_ros2_control:/home/nagase/ROS/ros2_controller_gazebo/install/gazebo_ros2_control_demos:/home/nagase/ROS/ros2_controller_gazebo/install/gazebo_ros2_control:/opt/ros/foxy LD_LIBRARY_PATH=/home/nagase/ROS/ros2_controller_gazebo/glide_robot_ros2_controller/install/gazebo_ros2_control/lib:${LD_LIBRARY_PATH} /usr/bin/cmake --build /home/nagase/ROS/ros2_controller_gazebo/glide_robot_ros2_controller/build/gazebo_ros2_control_demos -- -j8 -l8
[1.511s] Invoking command in '/home/nagase/ROS/ros2_controller_gazebo/glide_robot_ros2_controller/build/gazebo_ros2_control_demos': AMENT_PREFIX_PATH=/home/nagase/ROS/ros2_controller_gazebo/glide_robot_ros2_controller/install/gazebo_ros2_control:${AMENT_PREFIX_PATH} CMAKE_PREFIX_PATH=/home/nagase/ROS/ros2_controller_gazebo/glide_robot_ros2_controller/install/gazebo_ros2_control:/home/nagase/ROS/ros2_controller_gazebo/install/gazebo_ros2_control_demos:/home/nagase/ROS/ros2_controller_gazebo/install/gazebo_ros2_control:/opt/ros/foxy LD_LIBRARY_PATH=/home/nagase/ROS/ros2_controller_gazebo/glide_robot_ros2_controller/install/gazebo_ros2_control/lib:${LD_LIBRARY_PATH} /usr/bin/cmake --install /home/nagase/ROS/ros2_controller_gazebo/glide_robot_ros2_controller/build/gazebo_ros2_control_demos
[1.517s] -- Install configuration: ""
[1.518s] -- Installing: /home/nagase/ROS/ros2_controller_gazebo/glide_robot_ros2_controller/install/gazebo_ros2_control_demos/share/gazebo_ros2_control_demos//launch
[1.518s] -- Installing: /home/nagase/ROS/ros2_controller_gazebo/glide_robot_ros2_controller/install/gazebo_ros2_control_demos/share/gazebo_ros2_control_demos//launch/glide_robot.launch.py
[1.518s] -- Installing: /home/nagase/ROS/ros2_controller_gazebo/glide_robot_ros2_controller/install/gazebo_ros2_control_demos/share/gazebo_ros2_control_demos//config
[1.518s] -- Installing: /home/nagase/ROS/ros2_controller_gazebo/glide_robot_ros2_controller/install/gazebo_ros2_control_demos/share/gazebo_ros2_control_demos//config/test.yaml
[1.518s] -- Installing: /home/nagase/ROS/ros2_controller_gazebo/glide_robot_ros2_controller/install/gazebo_ros2_control_demos/share/gazebo_ros2_control_demos//urdf
[1.518s] -- Installing: /home/nagase/ROS/ros2_controller_gazebo/glide_robot_ros2_controller/install/gazebo_ros2_control_demos/share/gazebo_ros2_control_demos//urdf/model.sdf
[1.518s] -- Installing: /home/nagase/ROS/ros2_controller_gazebo/glide_robot_ros2_controller/install/gazebo_ros2_control_demos/share/gazebo_ros2_control_demos//urdf/log
[1.518s] -- Installing: /home/nagase/ROS/ros2_controller_gazebo/glide_robot_ros2_controller/install/gazebo_ros2_control_demos/share/gazebo_ros2_control_demos//urdf/log/build_2021-11-17_18-47-18
[1.518s] -- Installing: /home/nagase/ROS/ros2_controller_gazebo/glide_robot_ros2_controller/install/gazebo_ros2_control_demos/share/gazebo_ros2_control_demos//urdf/log/build_2021-11-17_18-47-18/logger_all.log
[1.519s] -- Installing: /home/nagase/ROS/ros2_controller_gazebo/glide_robot_ros2_controller/install/gazebo_ros2_control_demos/share/gazebo_ros2_control_demos//urdf/log/build_2021-11-17_18-47-18/events.log
[1.519s] -- Installing: /home/nagase/ROS/ros2_controller_gazebo/glide_robot_ros2_controller/install/gazebo_ros2_control_demos/share/gazebo_ros2_control_demos//urdf/log/COLCON_IGNORE
[1.519s] -- Installing: /home/nagase/ROS/ros2_controller_gazebo/glide_robot_ros2_controller/install/gazebo_ros2_control_demos/share/gazebo_ros2_control_demos//urdf/log/latest_build
[1.519s] -- Installing: /home/nagase/ROS/ros2_controller_gazebo/glide_robot_ros2_controller/install/gazebo_ros2_control_demos/share/gazebo_ros2_control_demos//urdf/log/latest
[1.519s] -- Installing: /home/nagase/ROS/ros2_controller_gazebo/glide_robot_ros2_controller/install/gazebo_ros2_control_demos/share/gazebo_ros2_control_demos//urdf/build
[1.519s] -- Installing: /home/nagase/ROS/ros2_controller_gazebo/glide_robot_ros2_controller/install/gazebo_ros2_control_demos/share/gazebo_ros2_control_demos//urdf/build/COLCON_IGNORE
[1.519s] -- Installing: /home/nagase/ROS/ros2_controller_gazebo/glide_robot_ros2_controller/install/gazebo_ros2_control_demos/share/gazebo_ros2_control_demos//urdf/build/.built_by
[1.519s] -- Installing: /home/nagase/ROS/ros2_controller_gazebo/glide_robot_ros2_controller/install/gazebo_ros2_control_demos/share/gazebo_ros2_control_demos//urdf/glide_robot.xacro.urdf
[1.519s] -- Installing: /home/nagase/ROS/ros2_controller_gazebo/glide_robot_ros2_controller/install/gazebo_ros2_control_demos/share/gazebo_ros2_control_demos//urdf/world.xacro.urdf
[1.519s] -- Installing: /home/nagase/ROS/ros2_controller_gazebo/glide_robot_ros2_controller/install/gazebo_ros2_control_demos/share/gazebo_ros2_control_demos//urdf/sdf_memo
[1.519s] -- Installing: /home/nagase/ROS/ros2_controller_gazebo/glide_robot_ros2_controller/install/gazebo_ros2_control_demos/share/gazebo_ros2_control_demos//urdf/install
[1.519s] -- Installing: /home/nagase/ROS/ros2_controller_gazebo/glide_robot_ros2_controller/install/gazebo_ros2_control_demos/share/gazebo_ros2_control_demos//urdf/install/local_setup.bash
[1.520s] -- Installing: /home/nagase/ROS/ros2_controller_gazebo/glide_robot_ros2_controller/install/gazebo_ros2_control_demos/share/gazebo_ros2_control_demos//urdf/install/local_setup.sh
[1.520s] -- Installing: /home/nagase/ROS/ros2_controller_gazebo/glide_robot_ros2_controller/install/gazebo_ros2_control_demos/share/gazebo_ros2_control_demos//urdf/install/setup.bash
[1.520s] -- Installing: /home/nagase/ROS/ros2_controller_gazebo/glide_robot_ros2_controller/install/gazebo_ros2_control_demos/share/gazebo_ros2_control_demos//urdf/install/setup.ps1
[1.520s] -- Installing: /home/nagase/ROS/ros2_controller_gazebo/glide_robot_ros2_controller/install/gazebo_ros2_control_demos/share/gazebo_ros2_control_demos//urdf/install/_local_setup_util_ps1.py
[1.520s] -- Installing: /home/nagase/ROS/ros2_controller_gazebo/glide_robot_ros2_controller/install/gazebo_ros2_control_demos/share/gazebo_ros2_control_demos//urdf/install/.colcon_install_layout
[1.520s] -- Installing: /home/nagase/ROS/ros2_controller_gazebo/glide_robot_ros2_controller/install/gazebo_ros2_control_demos/share/gazebo_ros2_control_demos//urdf/install/local_setup.zsh
[1.520s] -- Installing: /home/nagase/ROS/ros2_controller_gazebo/glide_robot_ros2_controller/install/gazebo_ros2_control_demos/share/gazebo_ros2_control_demos//urdf/install/setup.sh
[1.520s] -- Installing: /home/nagase/ROS/ros2_controller_gazebo/glide_robot_ros2_controller/install/gazebo_ros2_control_demos/share/gazebo_ros2_control_demos//urdf/install/setup.zsh
[1.520s] -- Installing: /home/nagase/ROS/ros2_controller_gazebo/glide_robot_ros2_controller/install/gazebo_ros2_control_demos/share/gazebo_ros2_control_demos//urdf/install/_local_setup_util_sh.py
[1.520s] -- Installing: /home/nagase/ROS/ros2_controller_gazebo/glide_robot_ros2_controller/install/gazebo_ros2_control_demos/share/gazebo_ros2_control_demos//urdf/install/COLCON_IGNORE
[1.520s] -- Installing: /home/nagase/ROS/ros2_controller_gazebo/glide_robot_ros2_controller/install/gazebo_ros2_control_demos/share/gazebo_ros2_control_demos//urdf/install/local_setup.ps1
[1.520s] -- Installing: /home/nagase/ROS/ros2_controller_gazebo/glide_robot_ros2_controller/install/gazebo_ros2_control_demos/share/gazebo_ros2_control_demos//urdf/test_2.urdf
[1.521s] -- Installing: /home/nagase/ROS/ros2_controller_gazebo/glide_robot_ros2_controller/install/gazebo_ros2_control_demos/share/ament_index/resource_index/package_run_dependencies/gazebo_ros2_control_demos
[1.521s] -- Installing: /home/nagase/ROS/ros2_controller_gazebo/glide_robot_ros2_controller/install/gazebo_ros2_control_demos/share/ament_index/resource_index/parent_prefix_path/gazebo_ros2_control_demos
[1.521s] -- Installing: /home/nagase/ROS/ros2_controller_gazebo/glide_robot_ros2_controller/install/gazebo_ros2_control_demos/share/gazebo_ros2_control_demos/environment/ament_prefix_path.sh
[1.521s] -- Installing: /home/nagase/ROS/ros2_controller_gazebo/glide_robot_ros2_controller/install/gazebo_ros2_control_demos/share/gazebo_ros2_control_demos/environment/ament_prefix_path.dsv
[1.521s] -- Installing: /home/nagase/ROS/ros2_controller_gazebo/glide_robot_ros2_controller/install/gazebo_ros2_control_demos/share/gazebo_ros2_control_demos/environment/path.sh
[1.521s] -- Installing: /home/nagase/ROS/ros2_controller_gazebo/glide_robot_ros2_controller/install/gazebo_ros2_control_demos/share/gazebo_ros2_control_demos/environment/path.dsv
[1.521s] -- Installing: /home/nagase/ROS/ros2_controller_gazebo/glide_robot_ros2_controller/install/gazebo_ros2_control_demos/share/gazebo_ros2_control_demos/local_setup.bash
[1.521s] -- Installing: /home/nagase/ROS/ros2_controller_gazebo/glide_robot_ros2_controller/install/gazebo_ros2_control_demos/share/gazebo_ros2_control_demos/local_setup.sh
[1.521s] -- Installing: /home/nagase/ROS/ros2_controller_gazebo/glide_robot_ros2_controller/install/gazebo_ros2_control_demos/share/gazebo_ros2_control_demos/local_setup.zsh
[1.521s] -- Installing: /home/nagase/ROS/ros2_controller_gazebo/glide_robot_ros2_controller/install/gazebo_ros2_control_demos/share/gazebo_ros2_control_demos/local_setup.dsv
[1.521s] -- Installing: /home/nagase/ROS/ros2_controller_gazebo/glide_robot_ros2_controller/install/gazebo_ros2_control_demos/share/gazebo_ros2_control_demos/package.dsv
[1.521s] -- Installing: /home/nagase/ROS/ros2_controller_gazebo/glide_robot_ros2_controller/install/gazebo_ros2_control_demos/share/ament_index/resource_index/packages/gazebo_ros2_control_demos
[1.522s] -- Installing: /home/nagase/ROS/ros2_controller_gazebo/glide_robot_ros2_controller/install/gazebo_ros2_control_demos/share/gazebo_ros2_control_demos/cmake/gazebo_ros2_control_demosConfig.cmake
[1.522s] -- Installing: /home/nagase/ROS/ros2_controller_gazebo/glide_robot_ros2_controller/install/gazebo_ros2_control_demos/share/gazebo_ros2_control_demos/cmake/gazebo_ros2_control_demosConfig-version.cmake
[1.522s] -- Installing: /home/nagase/ROS/ros2_controller_gazebo/glide_robot_ros2_controller/install/gazebo_ros2_control_demos/share/gazebo_ros2_control_demos/package.xml
[1.523s] Invoked command in '/home/nagase/ROS/ros2_controller_gazebo/glide_robot_ros2_controller/build/gazebo_ros2_control_demos' returned '0': AMENT_PREFIX_PATH=/home/nagase/ROS/ros2_controller_gazebo/glide_robot_ros2_controller/install/gazebo_ros2_control:${AMENT_PREFIX_PATH} CMAKE_PREFIX_PATH=/home/nagase/ROS/ros2_controller_gazebo/glide_robot_ros2_controller/install/gazebo_ros2_control:/home/nagase/ROS/ros2_controller_gazebo/install/gazebo_ros2_control_demos:/home/nagase/ROS/ros2_controller_gazebo/install/gazebo_ros2_control:/opt/ros/foxy LD_LIBRARY_PATH=/home/nagase/ROS/ros2_controller_gazebo/glide_robot_ros2_controller/install/gazebo_ros2_control/lib:${LD_LIBRARY_PATH} /usr/bin/cmake --install /home/nagase/ROS/ros2_controller_gazebo/glide_robot_ros2_controller/build/gazebo_ros2_control_demos
