-- Install configuration: ""
-- Up-to-date: /home/nagase/ROS/ros2_controller_gazebo/glide_robot_without_ros2_contoller/install/gazebo_ros2_control_demos/share/gazebo_ros2_control_demos//launch
-- Installing: /home/nagase/ROS/ros2_controller_gazebo/glide_robot_without_ros2_contoller/install/gazebo_ros2_control_demos/share/gazebo_ros2_control_demos//launch/glide_robot.launch.py
-- Up-to-date: /home/nagase/ROS/ros2_controller_gazebo/glide_robot_without_ros2_contoller/install/gazebo_ros2_control_demos/share/gazebo_ros2_control_demos//config
-- Up-to-date: /home/nagase/ROS/ros2_controller_gazebo/glide_robot_without_ros2_contoller/install/gazebo_ros2_control_demos/share/gazebo_ros2_control_demos//config/test.yaml
-- Up-to-date: /home/nagase/ROS/ros2_controller_gazebo/glide_robot_without_ros2_contoller/install/gazebo_ros2_control_demos/share/gazebo_ros2_control_demos//urdf
-- Up-to-date: /home/nagase/ROS/ros2_controller_gazebo/glide_robot_without_ros2_contoller/install/gazebo_ros2_control_demos/share/gazebo_ros2_control_demos//urdf/log
-- Up-to-date: /home/nagase/ROS/ros2_controller_gazebo/glide_robot_without_ros2_contoller/install/gazebo_ros2_control_demos/share/gazebo_ros2_control_demos//urdf/log/build_2021-11-17_18-47-18
-- Up-to-date: /home/nagase/ROS/ros2_controller_gazebo/glide_robot_without_ros2_contoller/install/gazebo_ros2_control_demos/share/gazebo_ros2_control_demos//urdf/log/build_2021-11-17_18-47-18/logger_all.log
-- Up-to-date: /home/nagase/ROS/ros2_controller_gazebo/glide_robot_without_ros2_contoller/install/gazebo_ros2_control_demos/share/gazebo_ros2_control_demos//urdf/log/build_2021-11-17_18-47-18/events.log
-- Up-to-date: /home/nagase/ROS/ros2_controller_gazebo/glide_robot_without_ros2_contoller/install/gazebo_ros2_control_demos/share/gazebo_ros2_control_demos//urdf/log/COLCON_IGNORE
-- Up-to-date: /home/nagase/ROS/ros2_controller_gazebo/glide_robot_without_ros2_contoller/install/gazebo_ros2_control_demos/share/gazebo_ros2_control_demos//urdf/log/latest_build
-- Up-to-date: /home/nagase/ROS/ros2_controller_gazebo/glide_robot_without_ros2_contoller/install/gazebo_ros2_control_demos/share/gazebo_ros2_control_demos//urdf/log/latest_build/logger_all.log
-- Up-to-date: /home/nagase/ROS/ros2_controller_gazebo/glide_robot_without_ros2_contoller/install/gazebo_ros2_control_demos/share/gazebo_ros2_control_demos//urdf/log/latest_build/events.log
-- Up-to-date: /home/nagase/ROS/ros2_controller_gazebo/glide_robot_without_ros2_contoller/install/gazebo_ros2_control_demos/share/gazebo_ros2_control_demos//urdf/log/latest
-- Up-to-date: /home/nagase/ROS/ros2_controller_gazebo/glide_robot_without_ros2_contoller/install/gazebo_ros2_control_demos/share/gazebo_ros2_control_demos//urdf/log/latest/logger_all.log
-- Up-to-date: /home/nagase/ROS/ros2_controller_gazebo/glide_robot_without_ros2_contoller/install/gazebo_ros2_control_demos/share/gazebo_ros2_control_demos//urdf/log/latest/events.log
-- Up-to-date: /home/nagase/ROS/ros2_controller_gazebo/glide_robot_without_ros2_contoller/install/gazebo_ros2_control_demos/share/gazebo_ros2_control_demos//urdf/build
-- Up-to-date: /home/nagase/ROS/ros2_controller_gazebo/glide_robot_without_ros2_contoller/install/gazebo_ros2_control_demos/share/gazebo_ros2_control_demos//urdf/build/COLCON_IGNORE
-- Up-to-date: /home/nagase/ROS/ros2_controller_gazebo/glide_robot_without_ros2_contoller/install/gazebo_ros2_control_demos/share/gazebo_ros2_control_demos//urdf/build/.built_by
-- Installing: /home/nagase/ROS/ros2_controller_gazebo/glide_robot_without_ros2_contoller/install/gazebo_ros2_control_demos/share/gazebo_ros2_control_demos//urdf/glide_robot.xacro.urdf
-- Up-to-date: /home/nagase/ROS/ros2_controller_gazebo/glide_robot_without_ros2_contoller/install/gazebo_ros2_control_demos/share/gazebo_ros2_control_demos//urdf/install
-- Up-to-date: /home/nagase/ROS/ros2_controller_gazebo/glide_robot_without_ros2_contoller/install/gazebo_ros2_control_demos/share/gazebo_ros2_control_demos//urdf/install/local_setup.bash
-- Up-to-date: /home/nagase/ROS/ros2_controller_gazebo/glide_robot_without_ros2_contoller/install/gazebo_ros2_control_demos/share/gazebo_ros2_control_demos//urdf/install/local_setup.sh
-- Up-to-date: /home/nagase/ROS/ros2_controller_gazebo/glide_robot_without_ros2_contoller/install/gazebo_ros2_control_demos/share/gazebo_ros2_control_demos//urdf/install/setup.bash
-- Up-to-date: /home/nagase/ROS/ros2_controller_gazebo/glide_robot_without_ros2_contoller/install/gazebo_ros2_control_demos/share/gazebo_ros2_control_demos//urdf/install/setup.ps1
-- Up-to-date: /home/nagase/ROS/ros2_controller_gazebo/glide_robot_without_ros2_contoller/install/gazebo_ros2_control_demos/share/gazebo_ros2_control_demos//urdf/install/_local_setup_util_ps1.py
-- Up-to-date: /home/nagase/ROS/ros2_controller_gazebo/glide_robot_without_ros2_contoller/install/gazebo_ros2_control_demos/share/gazebo_ros2_control_demos//urdf/install/.colcon_install_layout
-- Up-to-date: /home/nagase/ROS/ros2_controller_gazebo/glide_robot_without_ros2_contoller/install/gazebo_ros2_control_demos/share/gazebo_ros2_control_demos//urdf/install/local_setup.zsh
-- Up-to-date: /home/nagase/ROS/ros2_controller_gazebo/glide_robot_without_ros2_contoller/install/gazebo_ros2_control_demos/share/gazebo_ros2_control_demos//urdf/install/setup.sh
-- Up-to-date: /home/nagase/ROS/ros2_controller_gazebo/glide_robot_without_ros2_contoller/install/gazebo_ros2_control_demos/share/gazebo_ros2_control_demos//urdf/install/setup.zsh
-- Up-to-date: /home/nagase/ROS/ros2_controller_gazebo/glide_robot_without_ros2_contoller/install/gazebo_ros2_control_demos/share/gazebo_ros2_control_demos//urdf/install/_local_setup_util_sh.py
-- Up-to-date: /home/nagase/ROS/ros2_controller_gazebo/glide_robot_without_ros2_contoller/install/gazebo_ros2_control_demos/share/gazebo_ros2_control_demos//urdf/install/COLCON_IGNORE
-- Up-to-date: /home/nagase/ROS/ros2_controller_gazebo/glide_robot_without_ros2_contoller/install/gazebo_ros2_control_demos/share/gazebo_ros2_control_demos//urdf/install/local_setup.ps1
-- Up-to-date: /home/nagase/ROS/ros2_controller_gazebo/glide_robot_without_ros2_contoller/install/gazebo_ros2_control_demos/share/ament_index/resource_index/package_run_dependencies/gazebo_ros2_control_demos
-- Up-to-date: /home/nagase/ROS/ros2_controller_gazebo/glide_robot_without_ros2_contoller/install/gazebo_ros2_control_demos/share/ament_index/resource_index/parent_prefix_path/gazebo_ros2_control_demos
-- Up-to-date: /home/nagase/ROS/ros2_controller_gazebo/glide_robot_without_ros2_contoller/install/gazebo_ros2_control_demos/share/gazebo_ros2_control_demos/environment/ament_prefix_path.sh
-- Up-to-date: /home/nagase/ROS/ros2_controller_gazebo/glide_robot_without_ros2_contoller/install/gazebo_ros2_control_demos/share/gazebo_ros2_control_demos/environment/ament_prefix_path.dsv
-- Up-to-date: /home/nagase/ROS/ros2_controller_gazebo/glide_robot_without_ros2_contoller/install/gazebo_ros2_control_demos/share/gazebo_ros2_control_demos/environment/path.sh
-- Up-to-date: /home/nagase/ROS/ros2_controller_gazebo/glide_robot_without_ros2_contoller/install/gazebo_ros2_control_demos/share/gazebo_ros2_control_demos/environment/path.dsv
-- Up-to-date: /home/nagase/ROS/ros2_controller_gazebo/glide_robot_without_ros2_contoller/install/gazebo_ros2_control_demos/share/gazebo_ros2_control_demos/local_setup.bash
-- Up-to-date: /home/nagase/ROS/ros2_controller_gazebo/glide_robot_without_ros2_contoller/install/gazebo_ros2_control_demos/share/gazebo_ros2_control_demos/local_setup.sh
-- Up-to-date: /home/nagase/ROS/ros2_controller_gazebo/glide_robot_without_ros2_contoller/install/gazebo_ros2_control_demos/share/gazebo_ros2_control_demos/local_setup.zsh
-- Up-to-date: /home/nagase/ROS/ros2_controller_gazebo/glide_robot_without_ros2_contoller/install/gazebo_ros2_control_demos/share/gazebo_ros2_control_demos/local_setup.dsv
-- Up-to-date: /home/nagase/ROS/ros2_controller_gazebo/glide_robot_without_ros2_contoller/install/gazebo_ros2_control_demos/share/gazebo_ros2_control_demos/package.dsv
-- Up-to-date: /home/nagase/ROS/ros2_controller_gazebo/glide_robot_without_ros2_contoller/install/gazebo_ros2_control_demos/share/ament_index/resource_index/packages/gazebo_ros2_control_demos
-- Up-to-date: /home/nagase/ROS/ros2_controller_gazebo/glide_robot_without_ros2_contoller/install/gazebo_ros2_control_demos/share/gazebo_ros2_control_demos/cmake/gazebo_ros2_control_demosConfig.cmake
-- Up-to-date: /home/nagase/ROS/ros2_controller_gazebo/glide_robot_without_ros2_contoller/install/gazebo_ros2_control_demos/share/gazebo_ros2_control_demos/cmake/gazebo_ros2_control_demosConfig-version.cmake
-- Up-to-date: /home/nagase/ROS/ros2_controller_gazebo/glide_robot_without_ros2_contoller/install/gazebo_ros2_control_demos/share/gazebo_ros2_control_demos/package.xml
