[0.009s] Invoking command in '/home/nagase/ROS/ros2_controller_gazebo/glide_robot_without_ros2_contoller/build/gazebo_ros2_control_demos': CMAKE_PREFIX_PATH=/home/nagase/ROS/ros2_controller_gazebo/glide_robot_without_ros2_contoller/install/gazebo_ros2_control:/home/nagase/ROS/ros2_controller_gazebo/glide_robot_without_ros2_contoller/install/gazebo_ros2_control_demos:/home/nagase/ROS/ros2_controller_gazebo/glide_robot_ros2_controller/install/gazebo_ros2_control_demos:/home/nagase/ROS/ros2_controller_gazebo/glide_robot_ros2_controller/install/gazebo_ros2_control:/home/nagase/ROS/ros2_controller_gazebo/install/gazebo_ros2_control_demos:/home/nagase/ROS/ros2_controller_gazebo/install/gazebo_ros2_control:/opt/ros/foxy /usr/bin/cmake --build /home/nagase/ROS/ros2_controller_gazebo/glide_robot_without_ros2_contoller/build/gazebo_ros2_control_demos -- -j8 -l8
[0.038s] Invoked command in '/home/nagase/ROS/ros2_controller_gazebo/glide_robot_without_ros2_contoller/build/gazebo_ros2_control_demos' returned '0': CMAKE_PREFIX_PATH=/home/nagase/ROS/ros2_controller_gazebo/glide_robot_without_ros2_contoller/install/gazebo_ros2_control:/home/nagase/ROS/ros2_controller_gazebo/glide_robot_without_ros2_contoller/install/gazebo_ros2_control_demos:/home/nagase/ROS/ros2_controller_gazebo/glide_robot_ros2_controller/install/gazebo_ros2_control_demos:/home/nagase/ROS/ros2_controller_gazebo/glide_robot_ros2_controller/install/gazebo_ros2_control:/home/nagase/ROS/ros2_controller_gazebo/install/gazebo_ros2_control_demos:/home/nagase/ROS/ros2_controller_gazebo/install/gazebo_ros2_control:/opt/ros/foxy /usr/bin/cmake --build /home/nagase/ROS/ros2_controller_gazebo/glide_robot_without_ros2_contoller/build/gazebo_ros2_control_demos -- -j8 -l8
[0.055s] Invoking command in '/home/nagase/ROS/ros2_controller_gazebo/glide_robot_without_ros2_contoller/build/gazebo_ros2_control_demos': CMAKE_PREFIX_PATH=/home/nagase/ROS/ros2_controller_gazebo/glide_robot_without_ros2_contoller/install/gazebo_ros2_control:/home/nagase/ROS/ros2_controller_gazebo/glide_robot_without_ros2_contoller/install/gazebo_ros2_control_demos:/home/nagase/ROS/ros2_controller_gazebo/glide_robot_ros2_controller/install/gazebo_ros2_control_demos:/home/nagase/ROS/ros2_controller_gazebo/glide_robot_ros2_controller/install/gazebo_ros2_control:/home/nagase/ROS/ros2_controller_gazebo/install/gazebo_ros2_control_demos:/home/nagase/ROS/ros2_controller_gazebo/install/gazebo_ros2_control:/opt/ros/foxy /usr/bin/cmake --install /home/nagase/ROS/ros2_controller_gazebo/glide_robot_without_ros2_contoller/build/gazebo_ros2_control_demos
[0.064s] -- Install configuration: ""
[0.064s] -- Up-to-date: /home/nagase/ROS/ros2_controller_gazebo/glide_robot_without_ros2_contoller/install/gazebo_ros2_control_demos/share/gazebo_ros2_control_demos//launch
[0.064s] -- Installing: /home/nagase/ROS/ros2_controller_gazebo/glide_robot_without_ros2_contoller/install/gazebo_ros2_control_demos/share/gazebo_ros2_control_demos//launch/glide_robot.launch.py
[0.065s] -- Up-to-date: /home/nagase/ROS/ros2_controller_gazebo/glide_robot_without_ros2_contoller/install/gazebo_ros2_control_demos/share/gazebo_ros2_control_demos//config
[0.065s] -- Up-to-date: /home/nagase/ROS/ros2_controller_gazebo/glide_robot_without_ros2_contoller/install/gazebo_ros2_control_demos/share/gazebo_ros2_control_demos//config/test.yaml
[0.065s] -- Up-to-date: /home/nagase/ROS/ros2_controller_gazebo/glide_robot_without_ros2_contoller/install/gazebo_ros2_control_demos/share/gazebo_ros2_control_demos//urdf
[0.065s] -- Up-to-date: /home/nagase/ROS/ros2_controller_gazebo/glide_robot_without_ros2_contoller/install/gazebo_ros2_control_demos/share/gazebo_ros2_control_demos//urdf/log
[0.065s] -- Up-to-date: /home/nagase/ROS/ros2_controller_gazebo/glide_robot_without_ros2_contoller/install/gazebo_ros2_control_demos/share/gazebo_ros2_control_demos//urdf/log/build_2021-11-17_18-47-18
[0.065s] -- Up-to-date: /home/nagase/ROS/ros2_controller_gazebo/glide_robot_without_ros2_contoller/install/gazebo_ros2_control_demos/share/gazebo_ros2_control_demos//urdf/log/build_2021-11-17_18-47-18/logger_all.log
[0.065s] -- Up-to-date: /home/nagase/ROS/ros2_controller_gazebo/glide_robot_without_ros2_contoller/install/gazebo_ros2_control_demos/share/gazebo_ros2_control_demos//urdf/log/build_2021-11-17_18-47-18/events.log
[0.065s] -- Up-to-date: /home/nagase/ROS/ros2_controller_gazebo/glide_robot_without_ros2_contoller/install/gazebo_ros2_control_demos/share/gazebo_ros2_control_demos//urdf/log/COLCON_IGNORE
[0.065s] -- Up-to-date: /home/nagase/ROS/ros2_controller_gazebo/glide_robot_without_ros2_contoller/install/gazebo_ros2_control_demos/share/gazebo_ros2_control_demos//urdf/log/latest_build
[0.065s] -- Up-to-date: /home/nagase/ROS/ros2_controller_gazebo/glide_robot_without_ros2_contoller/install/gazebo_ros2_control_demos/share/gazebo_ros2_control_demos//urdf/log/latest_build/logger_all.log
[0.066s] -- Up-to-date: /home/nagase/ROS/ros2_controller_gazebo/glide_robot_without_ros2_contoller/install/gazebo_ros2_control_demos/share/gazebo_ros2_control_demos//urdf/log/latest_build/events.log
[0.066s] -- Up-to-date: /home/nagase/ROS/ros2_controller_gazebo/glide_robot_without_ros2_contoller/install/gazebo_ros2_control_demos/share/gazebo_ros2_control_demos//urdf/log/latest
[0.066s] -- Up-to-date: /home/nagase/ROS/ros2_controller_gazebo/glide_robot_without_ros2_contoller/install/gazebo_ros2_control_demos/share/gazebo_ros2_control_demos//urdf/log/latest/logger_all.log
[0.066s] -- Up-to-date: /home/nagase/ROS/ros2_controller_gazebo/glide_robot_without_ros2_contoller/install/gazebo_ros2_control_demos/share/gazebo_ros2_control_demos//urdf/log/latest/events.log
[0.066s] -- Up-to-date: /home/nagase/ROS/ros2_controller_gazebo/glide_robot_without_ros2_contoller/install/gazebo_ros2_control_demos/share/gazebo_ros2_control_demos//urdf/build
[0.066s] -- Up-to-date: /home/nagase/ROS/ros2_controller_gazebo/glide_robot_without_ros2_contoller/install/gazebo_ros2_control_demos/share/gazebo_ros2_control_demos//urdf/build/COLCON_IGNORE
[0.066s] -- Up-to-date: /home/nagase/ROS/ros2_controller_gazebo/glide_robot_without_ros2_contoller/install/gazebo_ros2_control_demos/share/gazebo_ros2_control_demos//urdf/build/.built_by
[0.066s] -- Installing: /home/nagase/ROS/ros2_controller_gazebo/glide_robot_without_ros2_contoller/install/gazebo_ros2_control_demos/share/gazebo_ros2_control_demos//urdf/glide_robot.xacro.urdf
[0.066s] -- Up-to-date: /home/nagase/ROS/ros2_controller_gazebo/glide_robot_without_ros2_contoller/install/gazebo_ros2_control_demos/share/gazebo_ros2_control_demos//urdf/install
[0.066s] -- Up-to-date: /home/nagase/ROS/ros2_controller_gazebo/glide_robot_without_ros2_contoller/install/gazebo_ros2_control_demos/share/gazebo_ros2_control_demos//urdf/install/local_setup.bash
[0.067s] -- Up-to-date: /home/nagase/ROS/ros2_controller_gazebo/glide_robot_without_ros2_contoller/install/gazebo_ros2_control_demos/share/gazebo_ros2_control_demos//urdf/install/local_setup.sh
[0.068s] -- Up-to-date: /home/nagase/ROS/ros2_controller_gazebo/glide_robot_without_ros2_contoller/install/gazebo_ros2_control_demos/share/gazebo_ros2_control_demos//urdf/install/setup.bash
[0.068s] -- Up-to-date: /home/nagase/ROS/ros2_controller_gazebo/glide_robot_without_ros2_contoller/install/gazebo_ros2_control_demos/share/gazebo_ros2_control_demos//urdf/install/setup.ps1
[0.069s] -- Up-to-date: /home/nagase/ROS/ros2_controller_gazebo/glide_robot_without_ros2_contoller/install/gazebo_ros2_control_demos/share/gazebo_ros2_control_demos//urdf/install/_local_setup_util_ps1.py
[0.069s] -- Up-to-date: /home/nagase/ROS/ros2_controller_gazebo/glide_robot_without_ros2_contoller/install/gazebo_ros2_control_demos/share/gazebo_ros2_control_demos//urdf/install/.colcon_install_layout
[0.069s] -- Up-to-date: /home/nagase/ROS/ros2_controller_gazebo/glide_robot_without_ros2_contoller/install/gazebo_ros2_control_demos/share/gazebo_ros2_control_demos//urdf/install/local_setup.zsh
[0.069s] -- Up-to-date: /home/nagase/ROS/ros2_controller_gazebo/glide_robot_without_ros2_contoller/install/gazebo_ros2_control_demos/share/gazebo_ros2_control_demos//urdf/install/setup.sh
[0.069s] -- Up-to-date: /home/nagase/ROS/ros2_controller_gazebo/glide_robot_without_ros2_contoller/install/gazebo_ros2_control_demos/share/gazebo_ros2_control_demos//urdf/install/setup.zsh
[0.069s] -- Up-to-date: /home/nagase/ROS/ros2_controller_gazebo/glide_robot_without_ros2_contoller/install/gazebo_ros2_control_demos/share/gazebo_ros2_control_demos//urdf/install/_local_setup_util_sh.py
[0.069s] -- Up-to-date: /home/nagase/ROS/ros2_controller_gazebo/glide_robot_without_ros2_contoller/install/gazebo_ros2_control_demos/share/gazebo_ros2_control_demos//urdf/install/COLCON_IGNORE
[0.070s] -- Up-to-date: /home/nagase/ROS/ros2_controller_gazebo/glide_robot_without_ros2_contoller/install/gazebo_ros2_control_demos/share/gazebo_ros2_control_demos//urdf/install/local_setup.ps1
[0.070s] -- Up-to-date: /home/nagase/ROS/ros2_controller_gazebo/glide_robot_without_ros2_contoller/install/gazebo_ros2_control_demos/share/ament_index/resource_index/package_run_dependencies/gazebo_ros2_control_demos
[0.070s] -- Up-to-date: /home/nagase/ROS/ros2_controller_gazebo/glide_robot_without_ros2_contoller/install/gazebo_ros2_control_demos/share/ament_index/resource_index/parent_prefix_path/gazebo_ros2_control_demos
[0.070s] -- Up-to-date: /home/nagase/ROS/ros2_controller_gazebo/glide_robot_without_ros2_contoller/install/gazebo_ros2_control_demos/share/gazebo_ros2_control_demos/environment/ament_prefix_path.sh
[0.070s] -- Up-to-date: /home/nagase/ROS/ros2_controller_gazebo/glide_robot_without_ros2_contoller/install/gazebo_ros2_control_demos/share/gazebo_ros2_control_demos/environment/ament_prefix_path.dsv
[0.070s] -- Up-to-date: /home/nagase/ROS/ros2_controller_gazebo/glide_robot_without_ros2_contoller/install/gazebo_ros2_control_demos/share/gazebo_ros2_control_demos/environment/path.sh
[0.070s] -- Up-to-date: /home/nagase/ROS/ros2_controller_gazebo/glide_robot_without_ros2_contoller/install/gazebo_ros2_control_demos/share/gazebo_ros2_control_demos/environment/path.dsv
[0.070s] -- Up-to-date: /home/nagase/ROS/ros2_controller_gazebo/glide_robot_without_ros2_contoller/install/gazebo_ros2_control_demos/share/gazebo_ros2_control_demos/local_setup.bash
[0.070s] -- Up-to-date: /home/nagase/ROS/ros2_controller_gazebo/glide_robot_without_ros2_contoller/install/gazebo_ros2_control_demos/share/gazebo_ros2_control_demos/local_setup.sh
[0.070s] -- Up-to-date: /home/nagase/ROS/ros2_controller_gazebo/glide_robot_without_ros2_contoller/install/gazebo_ros2_control_demos/share/gazebo_ros2_control_demos/local_setup.zsh
[0.071s] -- Up-to-date: /home/nagase/ROS/ros2_controller_gazebo/glide_robot_without_ros2_contoller/install/gazebo_ros2_control_demos/share/gazebo_ros2_control_demos/local_setup.dsv
[0.071s] -- Up-to-date: /home/nagase/ROS/ros2_controller_gazebo/glide_robot_without_ros2_contoller/install/gazebo_ros2_control_demos/share/gazebo_ros2_control_demos/package.dsv
[0.072s] -- Up-to-date: /home/nagase/ROS/ros2_controller_gazebo/glide_robot_without_ros2_contoller/install/gazebo_ros2_control_demos/share/ament_index/resource_index/packages/gazebo_ros2_control_demos
[0.072s] -- Up-to-date: /home/nagase/ROS/ros2_controller_gazebo/glide_robot_without_ros2_contoller/install/gazebo_ros2_control_demos/share/gazebo_ros2_control_demos/cmake/gazebo_ros2_control_demosConfig.cmake
[0.072s] -- Up-to-date: /home/nagase/ROS/ros2_controller_gazebo/glide_robot_without_ros2_contoller/install/gazebo_ros2_control_demos/share/gazebo_ros2_control_demos/cmake/gazebo_ros2_control_demosConfig-version.cmake
[0.072s] -- Up-to-date: /home/nagase/ROS/ros2_controller_gazebo/glide_robot_without_ros2_contoller/install/gazebo_ros2_control_demos/share/gazebo_ros2_control_demos/package.xml
[0.073s] Invoked command in '/home/nagase/ROS/ros2_controller_gazebo/glide_robot_without_ros2_contoller/build/gazebo_ros2_control_demos' returned '0': CMAKE_PREFIX_PATH=/home/nagase/ROS/ros2_controller_gazebo/glide_robot_without_ros2_contoller/install/gazebo_ros2_control:/home/nagase/ROS/ros2_controller_gazebo/glide_robot_without_ros2_contoller/install/gazebo_ros2_control_demos:/home/nagase/ROS/ros2_controller_gazebo/glide_robot_ros2_controller/install/gazebo_ros2_control_demos:/home/nagase/ROS/ros2_controller_gazebo/glide_robot_ros2_controller/install/gazebo_ros2_control:/home/nagase/ROS/ros2_controller_gazebo/install/gazebo_ros2_control_demos:/home/nagase/ROS/ros2_controller_gazebo/install/gazebo_ros2_control:/opt/ros/foxy /usr/bin/cmake --install /home/nagase/ROS/ros2_controller_gazebo/glide_robot_without_ros2_contoller/build/gazebo_ros2_control_demos
