[0.013s] Invoking command in '/home/nagase/ROS/ros2_controller_gazebo/glide_robot_without_ros2_contoller/build/gazebo_ros2_control': CMAKE_PREFIX_PATH=${CMAKE_PREFIX_PATH}:/opt/ros/foxy /usr/bin/cmake --build /home/nagase/ROS/ros2_controller_gazebo/glide_robot_without_ros2_contoller/build/gazebo_ros2_control -- -j8 -l8
[0.065s] [ 50%] Built target gazebo_hardware_plugins
[0.070s] [100%] Built target gazebo_ros2_control
[0.078s] Invoked command in '/home/nagase/ROS/ros2_controller_gazebo/glide_robot_without_ros2_contoller/build/gazebo_ros2_control' returned '0': CMAKE_PREFIX_PATH=${CMAKE_PREFIX_PATH}:/opt/ros/foxy /usr/bin/cmake --build /home/nagase/ROS/ros2_controller_gazebo/glide_robot_without_ros2_contoller/build/gazebo_ros2_control -- -j8 -l8
[0.104s] Invoking command in '/home/nagase/ROS/ros2_controller_gazebo/glide_robot_without_ros2_contoller/build/gazebo_ros2_control': CMAKE_PREFIX_PATH=${CMAKE_PREFIX_PATH}:/opt/ros/foxy /usr/bin/cmake --install /home/nagase/ROS/ros2_controller_gazebo/glide_robot_without_ros2_contoller/build/gazebo_ros2_control
[0.110s] -- Install configuration: ""
[0.110s] -- Up-to-date: /home/nagase/ROS/ros2_controller_gazebo/glide_robot_without_ros2_contoller/install/gazebo_ros2_control/lib/libgazebo_ros2_control.so
[0.110s] -- Up-to-date: /home/nagase/ROS/ros2_controller_gazebo/glide_robot_without_ros2_contoller/install/gazebo_ros2_control/lib/libgazebo_hardware_plugins.so
[0.110s] -- Up-to-date: /home/nagase/ROS/ros2_controller_gazebo/glide_robot_without_ros2_contoller/install/gazebo_ros2_control/share/gazebo_ros2_control/environment/library_path.sh
[0.111s] -- Up-to-date: /home/nagase/ROS/ros2_controller_gazebo/glide_robot_without_ros2_contoller/install/gazebo_ros2_control/share/gazebo_ros2_control/environment/library_path.dsv
[0.111s] -- Up-to-date: /home/nagase/ROS/ros2_controller_gazebo/glide_robot_without_ros2_contoller/install/gazebo_ros2_control/include/gazebo_ros2_control
[0.111s] -- Up-to-date: /home/nagase/ROS/ros2_controller_gazebo/glide_robot_without_ros2_contoller/install/gazebo_ros2_control/include/gazebo_ros2_control/gazebo_system_interface.hpp
[0.111s] -- Up-to-date: /home/nagase/ROS/ros2_controller_gazebo/glide_robot_without_ros2_contoller/install/gazebo_ros2_control/include/gazebo_ros2_control/gazebo_system.hpp
[0.111s] -- Up-to-date: /home/nagase/ROS/ros2_controller_gazebo/glide_robot_without_ros2_contoller/install/gazebo_ros2_control/include/gazebo_ros2_control/gazebo_ros2_control_plugin.hpp
[0.111s] -- Up-to-date: /home/nagase/ROS/ros2_controller_gazebo/glide_robot_without_ros2_contoller/install/gazebo_ros2_control/share/gazebo_ros2_control/gazebo_hardware_plugins.xml
[0.111s] -- Up-to-date: /home/nagase/ROS/ros2_controller_gazebo/glide_robot_without_ros2_contoller/install/gazebo_ros2_control/share/ament_index/resource_index/package_run_dependencies/gazebo_ros2_control
[0.111s] -- Up-to-date: /home/nagase/ROS/ros2_controller_gazebo/glide_robot_without_ros2_contoller/install/gazebo_ros2_control/share/ament_index/resource_index/parent_prefix_path/gazebo_ros2_control
[0.111s] -- Up-to-date: /home/nagase/ROS/ros2_controller_gazebo/glide_robot_without_ros2_contoller/install/gazebo_ros2_control/share/gazebo_ros2_control/environment/ament_prefix_path.sh
[0.111s] -- Up-to-date: /home/nagase/ROS/ros2_controller_gazebo/glide_robot_without_ros2_contoller/install/gazebo_ros2_control/share/gazebo_ros2_control/environment/ament_prefix_path.dsv
[0.111s] -- Up-to-date: /home/nagase/ROS/ros2_controller_gazebo/glide_robot_without_ros2_contoller/install/gazebo_ros2_control/share/gazebo_ros2_control/environment/path.sh
[0.111s] -- Up-to-date: /home/nagase/ROS/ros2_controller_gazebo/glide_robot_without_ros2_contoller/install/gazebo_ros2_control/share/gazebo_ros2_control/environment/path.dsv
[0.112s] -- Up-to-date: /home/nagase/ROS/ros2_controller_gazebo/glide_robot_without_ros2_contoller/install/gazebo_ros2_control/share/gazebo_ros2_control/local_setup.bash
[0.112s] -- Up-to-date: /home/nagase/ROS/ros2_controller_gazebo/glide_robot_without_ros2_contoller/install/gazebo_ros2_control/share/gazebo_ros2_control/local_setup.sh
[0.112s] -- Up-to-date: /home/nagase/ROS/ros2_controller_gazebo/glide_robot_without_ros2_contoller/install/gazebo_ros2_control/share/gazebo_ros2_control/local_setup.zsh
[0.112s] -- Up-to-date: /home/nagase/ROS/ros2_controller_gazebo/glide_robot_without_ros2_contoller/install/gazebo_ros2_control/share/gazebo_ros2_control/local_setup.dsv
[0.112s] -- Installing: /home/nagase/ROS/ros2_controller_gazebo/glide_robot_without_ros2_contoller/install/gazebo_ros2_control/share/gazebo_ros2_control/package.dsv
[0.112s] -- Up-to-date: /home/nagase/ROS/ros2_controller_gazebo/glide_robot_without_ros2_contoller/install/gazebo_ros2_control/share/ament_index/resource_index/packages/gazebo_ros2_control
[0.112s] -- Up-to-date: /home/nagase/ROS/ros2_controller_gazebo/glide_robot_without_ros2_contoller/install/gazebo_ros2_control/share/ament_index/resource_index/gazebo_ros2_control__pluginlib__plugin/gazebo_ros2_control
[0.112s] -- Up-to-date: /home/nagase/ROS/ros2_controller_gazebo/glide_robot_without_ros2_contoller/install/gazebo_ros2_control/share/gazebo_ros2_control/cmake/ament_cmake_export_include_directories-extras.cmake
[0.112s] -- Up-to-date: /home/nagase/ROS/ros2_controller_gazebo/glide_robot_without_ros2_contoller/install/gazebo_ros2_control/share/gazebo_ros2_control/cmake/ament_cmake_export_dependencies-extras.cmake
[0.112s] -- Up-to-date: /home/nagase/ROS/ros2_controller_gazebo/glide_robot_without_ros2_contoller/install/gazebo_ros2_control/share/gazebo_ros2_control/cmake/ament_cmake_export_libraries-extras.cmake
[0.112s] -- Up-to-date: /home/nagase/ROS/ros2_controller_gazebo/glide_robot_without_ros2_contoller/install/gazebo_ros2_control/share/gazebo_ros2_control/cmake/gazebo_ros2_controlConfig.cmake
[0.112s] -- Up-to-date: /home/nagase/ROS/ros2_controller_gazebo/glide_robot_without_ros2_contoller/install/gazebo_ros2_control/share/gazebo_ros2_control/cmake/gazebo_ros2_controlConfig-version.cmake
[0.113s] -- Up-to-date: /home/nagase/ROS/ros2_controller_gazebo/glide_robot_without_ros2_contoller/install/gazebo_ros2_control/share/gazebo_ros2_control/package.xml
[0.114s] Invoked command in '/home/nagase/ROS/ros2_controller_gazebo/glide_robot_without_ros2_contoller/build/gazebo_ros2_control' returned '0': CMAKE_PREFIX_PATH=${CMAKE_PREFIX_PATH}:/opt/ros/foxy /usr/bin/cmake --install /home/nagase/ROS/ros2_controller_gazebo/glide_robot_without_ros2_contoller/build/gazebo_ros2_control
