[0.210s] [34mcolcon[0m [1;30mDEBUG[0m [32mCommand line arguments: ['/usr/bin/colcon', 'build'][0m
[0.210s] [34mcolcon[0m [1;30mDEBUG[0m [32mParsed command line arguments: Namespace(ament_cmake_args=None, base_paths=['.'], build_base='build', catkin_cmake_args=None, catkin_skip_building_tests=False, cmake_args=None, cmake_clean_cache=False, cmake_clean_first=False, cmake_force_configure=False, cmake_target=None, cmake_target_skip_unavailable=False, continue_on_error=False, event_handlers=None, executor='parallel', ignore_user_meta=False, install_base='install', log_base=None, log_level=None, main=<bound method BuildVerb.main of <colcon_core.verb.build.BuildVerb object at 0x7f230ec78700>>, merge_install=False, metas=['./colcon.meta'], packages_above=None, packages_above_and_dependencies=None, packages_above_depth=None, packages_end=None, packages_ignore=None, packages_ignore_regex=None, packages_select=None, packages_select_build_failed=False, packages_select_by_dep=None, packages_select_regex=None, packages_select_test_failures=False, packages_skip=None, packages_skip_build_finished=False, packages_skip_by_dep=None, packages_skip_regex=None, packages_skip_test_passed=False, packages_skip_up_to=None, packages_start=None, packages_up_to=None, packages_up_to_regex=None, parallel_workers=8, paths=None, symlink_install=False, test_result_base=None, verb_extension=<colcon_core.verb.build.BuildVerb object at 0x7f230ec78700>, verb_name='build', verb_parser=<colcon_defaults.argument_parser.defaults.DefaultArgumentsDecorator object at 0x7f230ec78c40>)[0m
[0.214s] [34mcolcon.colcon_core.package_discovery[0m [1;30mLevel 1[0m discover_packages(colcon_meta) check parameters
[0.214s] [34mcolcon.colcon_core.package_discovery[0m [1;30mLevel 1[0m discover_packages(recursive) check parameters
[0.214s] [34mcolcon.colcon_core.package_discovery[0m [1;30mLevel 1[0m discover_packages(ignore) check parameters
[0.214s] [34mcolcon.colcon_core.package_discovery[0m [1;30mLevel 1[0m discover_packages(path) check parameters
[0.214s] [34mcolcon.colcon_core.package_discovery[0m [1;30mLevel 1[0m discover_packages(colcon_meta) discover
[0.214s] [34mcolcon.colcon_core.package_discovery[0m [1;30mLevel 1[0m discover_packages(recursive) discover
[0.214s] [34mcolcon.colcon_core.package_discovery[0m [1;30mINFO[0m Crawling recursively for packages in '/home/nagase/ROS/ros2_controller_gazebo/glide_robot_without_ros2_contoller'
[0.215s] [34mcolcon.colcon_core.package_identification[0m [1;30mLevel 1[0m _identify(.) by extensions ['ignore', 'ignore_ament_install']
[0.215s] [34mcolcon.colcon_core.package_identification[0m [1;30mLevel 1[0m _identify(.) by extension 'ignore'
[0.215s] [34mcolcon.colcon_core.package_identification[0m [1;30mLevel 1[0m _identify(.) by extension 'ignore_ament_install'
[0.215s] [34mcolcon.colcon_core.package_identification[0m [1;30mLevel 1[0m _identify(.) by extensions ['colcon_pkg']
[0.215s] [34mcolcon.colcon_core.package_identification[0m [1;30mLevel 1[0m _identify(.) by extension 'colcon_pkg'
[0.215s] [34mcolcon.colcon_core.package_identification[0m [1;30mLevel 1[0m _identify(.) by extensions ['colcon_meta']
[0.215s] [34mcolcon.colcon_core.package_identification[0m [1;30mLevel 1[0m _identify(.) by extension 'colcon_meta'
[0.215s] [34mcolcon.colcon_core.package_identification[0m [1;30mLevel 1[0m _identify(.) by extensions ['ros']
[0.215s] [34mcolcon.colcon_core.package_identification[0m [1;30mLevel 1[0m _identify(.) by extension 'ros'
[0.224s] [34mcolcon.colcon_core.package_identification[0m [1;30mLevel 1[0m _identify(.) by extensions ['cmake', 'python']
[0.224s] [34mcolcon.colcon_core.package_identification[0m [1;30mLevel 1[0m _identify(.) by extension 'cmake'
[0.224s] [34mcolcon.colcon_core.package_identification[0m [1;30mLevel 1[0m _identify(.) by extension 'python'
[0.224s] [34mcolcon.colcon_core.package_identification[0m [1;30mLevel 1[0m _identify(.) by extensions ['python_setup_py']
[0.224s] [34mcolcon.colcon_core.package_identification[0m [1;30mLevel 1[0m _identify(.) by extension 'python_setup_py'
[0.224s] [34mcolcon.colcon_core.package_identification[0m [1;30mLevel 1[0m _identify(build) by extensions ['ignore', 'ignore_ament_install']
[0.224s] [34mcolcon.colcon_core.package_identification[0m [1;30mLevel 1[0m _identify(build) by extension 'ignore'
[0.224s] [34mcolcon.colcon_core.package_identification[0m [1;30mLevel 1[0m _identify(build) ignored
[0.224s] [34mcolcon.colcon_core.package_identification[0m [1;30mLevel 1[0m _identify(gazebo_ros2_control) by extensions ['ignore', 'ignore_ament_install']
[0.224s] [34mcolcon.colcon_core.package_identification[0m [1;30mLevel 1[0m _identify(gazebo_ros2_control) by extension 'ignore'
[0.224s] [34mcolcon.colcon_core.package_identification[0m [1;30mLevel 1[0m _identify(gazebo_ros2_control) by extension 'ignore_ament_install'
[0.224s] [34mcolcon.colcon_core.package_identification[0m [1;30mLevel 1[0m _identify(gazebo_ros2_control) by extensions ['colcon_pkg']
[0.224s] [34mcolcon.colcon_core.package_identification[0m [1;30mLevel 1[0m _identify(gazebo_ros2_control) by extension 'colcon_pkg'
[0.224s] [34mcolcon.colcon_core.package_identification[0m [1;30mLevel 1[0m _identify(gazebo_ros2_control) by extensions ['colcon_meta']
[0.224s] [34mcolcon.colcon_core.package_identification[0m [1;30mLevel 1[0m _identify(gazebo_ros2_control) by extension 'colcon_meta'
[0.224s] [34mcolcon.colcon_core.package_identification[0m [1;30mLevel 1[0m _identify(gazebo_ros2_control) by extensions ['ros']
[0.224s] [34mcolcon.colcon_core.package_identification[0m [1;30mLevel 1[0m _identify(gazebo_ros2_control) by extension 'ros'
[0.227s] [34mcolcon.colcon_core.package_identification[0m [1;30mDEBUG[0m [32mPackage 'gazebo_ros2_control' with type 'ros.ament_cmake' and name 'gazebo_ros2_control'[0m
[0.227s] [34mcolcon.colcon_core.package_identification[0m [1;30mLevel 1[0m _identify(gazebo_ros2_control_demos) by extensions ['ignore', 'ignore_ament_install']
[0.227s] [34mcolcon.colcon_core.package_identification[0m [1;30mLevel 1[0m _identify(gazebo_ros2_control_demos) by extension 'ignore'
[0.227s] [34mcolcon.colcon_core.package_identification[0m [1;30mLevel 1[0m _identify(gazebo_ros2_control_demos) by extension 'ignore_ament_install'
[0.227s] [34mcolcon.colcon_core.package_identification[0m [1;30mLevel 1[0m _identify(gazebo_ros2_control_demos) by extensions ['colcon_pkg']
[0.227s] [34mcolcon.colcon_core.package_identification[0m [1;30mLevel 1[0m _identify(gazebo_ros2_control_demos) by extension 'colcon_pkg'
[0.227s] [34mcolcon.colcon_core.package_identification[0m [1;30mLevel 1[0m _identify(gazebo_ros2_control_demos) by extensions ['colcon_meta']
[0.227s] [34mcolcon.colcon_core.package_identification[0m [1;30mLevel 1[0m _identify(gazebo_ros2_control_demos) by extension 'colcon_meta'
[0.227s] [34mcolcon.colcon_core.package_identification[0m [1;30mLevel 1[0m _identify(gazebo_ros2_control_demos) by extensions ['ros']
[0.227s] [34mcolcon.colcon_core.package_identification[0m [1;30mLevel 1[0m _identify(gazebo_ros2_control_demos) by extension 'ros'
[0.228s] [34mcolcon.colcon_core.package_identification[0m [1;30mDEBUG[0m [32mPackage 'gazebo_ros2_control_demos' with type 'ros.ament_cmake' and name 'gazebo_ros2_control_demos'[0m
[0.228s] [34mcolcon.colcon_core.package_identification[0m [1;30mLevel 1[0m _identify(install) by extensions ['ignore', 'ignore_ament_install']
[0.228s] [34mcolcon.colcon_core.package_identification[0m [1;30mLevel 1[0m _identify(install) by extension 'ignore'
[0.228s] [34mcolcon.colcon_core.package_identification[0m [1;30mLevel 1[0m _identify(install) ignored
[0.228s] [34mcolcon.colcon_core.package_identification[0m [1;30mLevel 1[0m _identify(log) by extensions ['ignore', 'ignore_ament_install']
[0.228s] [34mcolcon.colcon_core.package_identification[0m [1;30mLevel 1[0m _identify(log) by extension 'ignore'
[0.228s] [34mcolcon.colcon_core.package_identification[0m [1;30mLevel 1[0m _identify(log) ignored
[0.228s] [34mcolcon.colcon_core.package_discovery[0m [1;30mLevel 1[0m discover_packages(recursive) using defaults
[0.228s] [34mcolcon.colcon_core.package_discovery[0m [1;30mLevel 1[0m discover_packages(ignore) discover
[0.228s] [34mcolcon.colcon_core.package_discovery[0m [1;30mLevel 1[0m discover_packages(ignore) using defaults
[0.228s] [34mcolcon.colcon_core.package_discovery[0m [1;30mLevel 1[0m discover_packages(path) discover
[0.228s] [34mcolcon.colcon_core.package_discovery[0m [1;30mLevel 1[0m discover_packages(path) using defaults
[0.242s] [34mcolcon.colcon_core.verb[0m [1;30mLevel 5[0m set package 'gazebo_ros2_control' build argument 'cmake_args' from command line to 'None'
[0.242s] [34mcolcon.colcon_core.verb[0m [1;30mLevel 5[0m set package 'gazebo_ros2_control' build argument 'cmake_target' from command line to 'None'
[0.242s] [34mcolcon.colcon_core.verb[0m [1;30mLevel 5[0m set package 'gazebo_ros2_control' build argument 'cmake_target_skip_unavailable' from command line to 'False'
[0.242s] [34mcolcon.colcon_core.verb[0m [1;30mLevel 5[0m set package 'gazebo_ros2_control' build argument 'cmake_clean_cache' from command line to 'False'
[0.242s] [34mcolcon.colcon_core.verb[0m [1;30mLevel 5[0m set package 'gazebo_ros2_control' build argument 'cmake_clean_first' from command line to 'False'
[0.242s] [34mcolcon.colcon_core.verb[0m [1;30mLevel 5[0m set package 'gazebo_ros2_control' build argument 'cmake_force_configure' from command line to 'False'
[0.242s] [34mcolcon.colcon_core.verb[0m [1;30mLevel 5[0m set package 'gazebo_ros2_control' build argument 'ament_cmake_args' from command line to 'None'
[0.242s] [34mcolcon.colcon_core.verb[0m [1;30mLevel 5[0m set package 'gazebo_ros2_control' build argument 'catkin_cmake_args' from command line to 'None'
[0.242s] [34mcolcon.colcon_core.verb[0m [1;30mLevel 5[0m set package 'gazebo_ros2_control' build argument 'catkin_skip_building_tests' from command line to 'False'
[0.242s] [34mcolcon.colcon_core.verb[0m [1;30mDEBUG[0m [32mBuilding package 'gazebo_ros2_control' with the following arguments: {'ament_cmake_args': None, 'build_base': '/home/nagase/ROS/ros2_controller_gazebo/glide_robot_without_ros2_contoller/build/gazebo_ros2_control', 'catkin_cmake_args': None, 'catkin_skip_building_tests': False, 'cmake_args': None, 'cmake_clean_cache': False, 'cmake_clean_first': False, 'cmake_force_configure': False, 'cmake_target': None, 'cmake_target_skip_unavailable': False, 'install_base': '/home/nagase/ROS/ros2_controller_gazebo/glide_robot_without_ros2_contoller/install/gazebo_ros2_control', 'merge_install': False, 'path': '/home/nagase/ROS/ros2_controller_gazebo/glide_robot_without_ros2_contoller/gazebo_ros2_control', 'symlink_install': False, 'test_result_base': None}[0m
[0.244s] [34mcolcon.colcon_core.verb[0m [1;30mLevel 5[0m set package 'gazebo_ros2_control_demos' build argument 'cmake_args' from command line to 'None'
[0.244s] [34mcolcon.colcon_core.verb[0m [1;30mLevel 5[0m set package 'gazebo_ros2_control_demos' build argument 'cmake_target' from command line to 'None'
[0.244s] [34mcolcon.colcon_core.verb[0m [1;30mLevel 5[0m set package 'gazebo_ros2_control_demos' build argument 'cmake_target_skip_unavailable' from command line to 'False'
[0.244s] [34mcolcon.colcon_core.verb[0m [1;30mLevel 5[0m set package 'gazebo_ros2_control_demos' build argument 'cmake_clean_cache' from command line to 'False'
[0.244s] [34mcolcon.colcon_core.verb[0m [1;30mLevel 5[0m set package 'gazebo_ros2_control_demos' build argument 'cmake_clean_first' from command line to 'False'
[0.244s] [34mcolcon.colcon_core.verb[0m [1;30mLevel 5[0m set package 'gazebo_ros2_control_demos' build argument 'cmake_force_configure' from command line to 'False'
[0.244s] [34mcolcon.colcon_core.verb[0m [1;30mLevel 5[0m set package 'gazebo_ros2_control_demos' build argument 'ament_cmake_args' from command line to 'None'
[0.244s] [34mcolcon.colcon_core.verb[0m [1;30mLevel 5[0m set package 'gazebo_ros2_control_demos' build argument 'catkin_cmake_args' from command line to 'None'
[0.244s] [34mcolcon.colcon_core.verb[0m [1;30mLevel 5[0m set package 'gazebo_ros2_control_demos' build argument 'catkin_skip_building_tests' from command line to 'False'
[0.244s] [34mcolcon.colcon_core.verb[0m [1;30mDEBUG[0m [32mBuilding package 'gazebo_ros2_control_demos' with the following arguments: {'ament_cmake_args': None, 'build_base': '/home/nagase/ROS/ros2_controller_gazebo/glide_robot_without_ros2_contoller/build/gazebo_ros2_control_demos', 'catkin_cmake_args': None, 'catkin_skip_building_tests': False, 'cmake_args': None, 'cmake_clean_cache': False, 'cmake_clean_first': False, 'cmake_force_configure': False, 'cmake_target': None, 'cmake_target_skip_unavailable': False, 'install_base': '/home/nagase/ROS/ros2_controller_gazebo/glide_robot_without_ros2_contoller/install/gazebo_ros2_control_demos', 'merge_install': False, 'path': '/home/nagase/ROS/ros2_controller_gazebo/glide_robot_without_ros2_contoller/gazebo_ros2_control_demos', 'symlink_install': False, 'test_result_base': None}[0m
[0.244s] [34mcolcon.colcon_core.executor[0m [1;30mINFO[0m Executing jobs using 'parallel' executor
[0.246s] [34mcolcon.colcon_parallel_executor.executor.parallel[0m [1;30mDEBUG[0m [32mrun_until_complete[0m
[0.246s] [34mcolcon.colcon_ros.task.ament_cmake.build[0m [1;30mINFO[0m Building ROS package in '/home/nagase/ROS/ros2_controller_gazebo/glide_robot_without_ros2_contoller/gazebo_ros2_control' with build type 'ament_cmake'
[0.246s] [34mcolcon.colcon_cmake.task.cmake.build[0m [1;30mINFO[0m Building CMake package in '/home/nagase/ROS/ros2_controller_gazebo/glide_robot_without_ros2_contoller/gazebo_ros2_control'
[0.249s] [34mcolcon.colcon_core.plugin_system[0m [1;30mINFO[0m Skipping extension 'colcon_core.shell.bat': Not used on non-Windows systems
[0.249s] [34mcolcon.colcon_core.shell[0m [1;30mINFO[0m Skip shell extension 'powershell' for command environment: Not usable outside of PowerShell
[0.249s] [34mcolcon.colcon_core.shell[0m [1;30mDEBUG[0m [32mSkip shell extension 'dsv' for command environment[0m
[0.251s] [34mcolcon.colcon_core.prefix_path.colcon[0m [1;30mWARNING[0m [33mThe path '/home/nagase/ROS/ros2_controller_gazebo/install' in the environment variable COLCON_PREFIX_PATH doesn't exist[0m
[0.251s] [34mcolcon.colcon_ros.prefix_path.ament[0m [1;30mWARNING[0m [33mThe path '/home/nagase/ROS/ros2_controller_gazebo/glide_robot_without_ros2_contoller/install/gazebo_ros2_control_demos' in the environment variable AMENT_PREFIX_PATH doesn't exist[0m
[0.251s] [34mcolcon.colcon_ros.prefix_path.ament[0m [1;30mWARNING[0m [33mThe path '/home/nagase/ROS/ros2_controller_gazebo/glide_robot_without_ros2_contoller/install/gazebo_ros2_control' in the environment variable AMENT_PREFIX_PATH doesn't exist[0m
[0.251s] [34mcolcon.colcon_ros.prefix_path.ament[0m [1;30mWARNING[0m [33mThe path '/home/nagase/ROS/ros2_controller_gazebo/install/gazebo_ros2_control_demos' in the environment variable AMENT_PREFIX_PATH doesn't exist[0m
[0.251s] [34mcolcon.colcon_ros.prefix_path.ament[0m [1;30mWARNING[0m [33mThe path '/home/nagase/ROS/ros2_controller_gazebo/install/gazebo_ros2_control' in the environment variable AMENT_PREFIX_PATH doesn't exist[0m
[0.251s] [34mcolcon.colcon_ros.prefix_path.catkin[0m [1;30mWARNING[0m [33mThe path '/home/nagase/ROS/ros2_controller_gazebo/glide_robot_without_ros2_contoller/install/gazebo_ros2_control_demos' in the environment variable CMAKE_PREFIX_PATH doesn't exist[0m
[0.251s] [34mcolcon.colcon_ros.prefix_path.catkin[0m [1;30mWARNING[0m [33mThe path '/home/nagase/ROS/ros2_controller_gazebo/glide_robot_without_ros2_contoller/install/gazebo_ros2_control' in the environment variable CMAKE_PREFIX_PATH doesn't exist[0m
[0.251s] [34mcolcon.colcon_ros.prefix_path.catkin[0m [1;30mWARNING[0m [33mThe path '/home/nagase/ROS/ros2_controller_gazebo/install/gazebo_ros2_control_demos' in the environment variable CMAKE_PREFIX_PATH doesn't exist[0m
[0.251s] [34mcolcon.colcon_ros.prefix_path.catkin[0m [1;30mWARNING[0m [33mThe path '/home/nagase/ROS/ros2_controller_gazebo/install/gazebo_ros2_control' in the environment variable CMAKE_PREFIX_PATH doesn't exist[0m
[0.252s] [34mcolcon.colcon_core.shell[0m [1;30mDEBUG[0m [32mIgnoring prefix path '/opt/ros/foxy'[0m
[0.257s] [34mcolcon.colcon_core.event_handler.log_command[0m [1;30mDEBUG[0m [32mInvoking command in '/home/nagase/ROS/ros2_controller_gazebo/glide_robot_without_ros2_contoller/build/gazebo_ros2_control': CMAKE_PREFIX_PATH=${CMAKE_PREFIX_PATH}:/opt/ros/foxy /usr/bin/cmake /home/nagase/ROS/ros2_controller_gazebo/glide_robot_without_ros2_contoller/gazebo_ros2_control -DCMAKE_INSTALL_PREFIX=/home/nagase/ROS/ros2_controller_gazebo/glide_robot_without_ros2_contoller/install/gazebo_ros2_control[0m
[2.858s] [34mcolcon.colcon_core.event_handler.log_command[0m [1;30mDEBUG[0m [32mInvoked command in '/home/nagase/ROS/ros2_controller_gazebo/glide_robot_without_ros2_contoller/build/gazebo_ros2_control' returned '0': CMAKE_PREFIX_PATH=${CMAKE_PREFIX_PATH}:/opt/ros/foxy /usr/bin/cmake /home/nagase/ROS/ros2_controller_gazebo/glide_robot_without_ros2_contoller/gazebo_ros2_control -DCMAKE_INSTALL_PREFIX=/home/nagase/ROS/ros2_controller_gazebo/glide_robot_without_ros2_contoller/install/gazebo_ros2_control[0m
[2.861s] [34mcolcon.colcon_core.event_handler.log_command[0m [1;30mDEBUG[0m [32mInvoking command in '/home/nagase/ROS/ros2_controller_gazebo/glide_robot_without_ros2_contoller/build/gazebo_ros2_control': CMAKE_PREFIX_PATH=${CMAKE_PREFIX_PATH}:/opt/ros/foxy /usr/bin/cmake --build /home/nagase/ROS/ros2_controller_gazebo/glide_robot_without_ros2_contoller/build/gazebo_ros2_control -- -j8 -l8[0m
[12.635s] [34mcolcon.colcon_core.event_handler.log_command[0m [1;30mDEBUG[0m [32mInvoked command in '/home/nagase/ROS/ros2_controller_gazebo/glide_robot_without_ros2_contoller/build/gazebo_ros2_control' returned '0': CMAKE_PREFIX_PATH=${CMAKE_PREFIX_PATH}:/opt/ros/foxy /usr/bin/cmake --build /home/nagase/ROS/ros2_controller_gazebo/glide_robot_without_ros2_contoller/build/gazebo_ros2_control -- -j8 -l8[0m
[12.662s] [34mcolcon.colcon_core.event_handler.log_command[0m [1;30mDEBUG[0m [32mInvoking command in '/home/nagase/ROS/ros2_controller_gazebo/glide_robot_without_ros2_contoller/build/gazebo_ros2_control': CMAKE_PREFIX_PATH=${CMAKE_PREFIX_PATH}:/opt/ros/foxy /usr/bin/cmake --install /home/nagase/ROS/ros2_controller_gazebo/glide_robot_without_ros2_contoller/build/gazebo_ros2_control[0m
[12.675s] [34mcolcon.colcon_core.environment[0m [1;30mLevel 1[0m create_environment_scripts_only(gazebo_ros2_control)
[12.676s] [34mcolcon.colcon_core.event_handler.log_command[0m [1;30mDEBUG[0m [32mInvoked command in '/home/nagase/ROS/ros2_controller_gazebo/glide_robot_without_ros2_contoller/build/gazebo_ros2_control' returned '0': CMAKE_PREFIX_PATH=${CMAKE_PREFIX_PATH}:/opt/ros/foxy /usr/bin/cmake --install /home/nagase/ROS/ros2_controller_gazebo/glide_robot_without_ros2_contoller/build/gazebo_ros2_control[0m
[12.678s] [34mcolcon.colcon_core.environment[0m [1;30mLevel 1[0m checking '/home/nagase/ROS/ros2_controller_gazebo/glide_robot_without_ros2_contoller/install/gazebo_ros2_control' for CMake module files
[12.678s] [34mcolcon.colcon_core.environment[0m [1;30mLevel 1[0m checking '/home/nagase/ROS/ros2_controller_gazebo/glide_robot_without_ros2_contoller/install/gazebo_ros2_control' for CMake config files
[12.679s] [34mcolcon.colcon_core.shell[0m [1;30mLevel 1[0m create_environment_hook('gazebo_ros2_control', 'cmake_prefix_path')
[12.679s] [34mcolcon.colcon_core.shell[0m [1;30mINFO[0m Creating environment hook '/home/nagase/ROS/ros2_controller_gazebo/glide_robot_without_ros2_contoller/install/gazebo_ros2_control/share/gazebo_ros2_control/hook/cmake_prefix_path.ps1'
[12.680s] [34mcolcon.colcon_core.shell[0m [1;30mINFO[0m Creating environment descriptor '/home/nagase/ROS/ros2_controller_gazebo/glide_robot_without_ros2_contoller/install/gazebo_ros2_control/share/gazebo_ros2_control/hook/cmake_prefix_path.dsv'
[12.680s] [34mcolcon.colcon_core.shell[0m [1;30mINFO[0m Creating environment hook '/home/nagase/ROS/ros2_controller_gazebo/glide_robot_without_ros2_contoller/install/gazebo_ros2_control/share/gazebo_ros2_control/hook/cmake_prefix_path.sh'
[12.681s] [34mcolcon.colcon_core.environment[0m [1;30mLevel 1[0m checking '/home/nagase/ROS/ros2_controller_gazebo/glide_robot_without_ros2_contoller/install/gazebo_ros2_control/lib'
[12.681s] [34mcolcon.colcon_core.shell[0m [1;30mLevel 1[0m create_environment_hook('gazebo_ros2_control', 'ld_library_path_lib')
[12.681s] [34mcolcon.colcon_core.shell[0m [1;30mINFO[0m Creating environment hook '/home/nagase/ROS/ros2_controller_gazebo/glide_robot_without_ros2_contoller/install/gazebo_ros2_control/share/gazebo_ros2_control/hook/ld_library_path_lib.ps1'
[12.681s] [34mcolcon.colcon_core.shell[0m [1;30mINFO[0m Creating environment descriptor '/home/nagase/ROS/ros2_controller_gazebo/glide_robot_without_ros2_contoller/install/gazebo_ros2_control/share/gazebo_ros2_control/hook/ld_library_path_lib.dsv'
[12.682s] [34mcolcon.colcon_core.shell[0m [1;30mINFO[0m Creating environment hook '/home/nagase/ROS/ros2_controller_gazebo/glide_robot_without_ros2_contoller/install/gazebo_ros2_control/share/gazebo_ros2_control/hook/ld_library_path_lib.sh'
[12.682s] [34mcolcon.colcon_core.environment[0m [1;30mLevel 1[0m checking '/home/nagase/ROS/ros2_controller_gazebo/glide_robot_without_ros2_contoller/install/gazebo_ros2_control/bin'
[12.682s] [34mcolcon.colcon_core.environment[0m [1;30mLevel 1[0m checking '/home/nagase/ROS/ros2_controller_gazebo/glide_robot_without_ros2_contoller/install/gazebo_ros2_control/lib/pkgconfig/gazebo_ros2_control.pc'
[12.682s] [34mcolcon.colcon_core.environment[0m [1;30mLevel 1[0m checking '/home/nagase/ROS/ros2_controller_gazebo/glide_robot_without_ros2_contoller/install/gazebo_ros2_control/lib/python3.8/site-packages'
[12.683s] [34mcolcon.colcon_core.shell[0m [1;30mINFO[0m Creating package script '/home/nagase/ROS/ros2_controller_gazebo/glide_robot_without_ros2_contoller/install/gazebo_ros2_control/share/gazebo_ros2_control/package.ps1'
[12.683s] [34mcolcon.colcon_core.shell[0m [1;30mINFO[0m Creating package descriptor '/home/nagase/ROS/ros2_controller_gazebo/glide_robot_without_ros2_contoller/install/gazebo_ros2_control/share/gazebo_ros2_control/package.dsv'
[12.683s] [34mcolcon.colcon_core.shell[0m [1;30mINFO[0m Creating package script '/home/nagase/ROS/ros2_controller_gazebo/glide_robot_without_ros2_contoller/install/gazebo_ros2_control/share/gazebo_ros2_control/package.sh'
[12.684s] [34mcolcon.colcon_core.shell[0m [1;30mINFO[0m Creating package script '/home/nagase/ROS/ros2_controller_gazebo/glide_robot_without_ros2_contoller/install/gazebo_ros2_control/share/gazebo_ros2_control/package.bash'
[12.684s] [34mcolcon.colcon_core.shell[0m [1;30mINFO[0m Creating package script '/home/nagase/ROS/ros2_controller_gazebo/glide_robot_without_ros2_contoller/install/gazebo_ros2_control/share/gazebo_ros2_control/package.zsh'
[12.685s] [34mcolcon.colcon_core.environment[0m [1;30mLevel 1[0m create_file_with_runtime_dependencies(/home/nagase/ROS/ros2_controller_gazebo/glide_robot_without_ros2_contoller/install/gazebo_ros2_control/share/colcon-core/packages/gazebo_ros2_control)
[12.704s] [34mcolcon.colcon_core.environment[0m [1;30mLevel 1[0m create_environment_scripts_only(gazebo_ros2_control)
[12.705s] [34mcolcon.colcon_core.environment[0m [1;30mLevel 1[0m checking '/home/nagase/ROS/ros2_controller_gazebo/glide_robot_without_ros2_contoller/install/gazebo_ros2_control' for CMake module files
[12.706s] [34mcolcon.colcon_core.environment[0m [1;30mLevel 1[0m checking '/home/nagase/ROS/ros2_controller_gazebo/glide_robot_without_ros2_contoller/install/gazebo_ros2_control' for CMake config files
[12.706s] [34mcolcon.colcon_core.shell[0m [1;30mLevel 1[0m create_environment_hook('gazebo_ros2_control', 'cmake_prefix_path')
[12.706s] [34mcolcon.colcon_core.shell[0m [1;30mINFO[0m Creating environment hook '/home/nagase/ROS/ros2_controller_gazebo/glide_robot_without_ros2_contoller/install/gazebo_ros2_control/share/gazebo_ros2_control/hook/cmake_prefix_path.ps1'
[12.706s] [34mcolcon.colcon_core.shell[0m [1;30mINFO[0m Creating environment descriptor '/home/nagase/ROS/ros2_controller_gazebo/glide_robot_without_ros2_contoller/install/gazebo_ros2_control/share/gazebo_ros2_control/hook/cmake_prefix_path.dsv'
[12.707s] [34mcolcon.colcon_core.shell[0m [1;30mINFO[0m Creating environment hook '/home/nagase/ROS/ros2_controller_gazebo/glide_robot_without_ros2_contoller/install/gazebo_ros2_control/share/gazebo_ros2_control/hook/cmake_prefix_path.sh'
[12.707s] [34mcolcon.colcon_core.environment[0m [1;30mLevel 1[0m checking '/home/nagase/ROS/ros2_controller_gazebo/glide_robot_without_ros2_contoller/install/gazebo_ros2_control/lib'
[12.707s] [34mcolcon.colcon_core.shell[0m [1;30mLevel 1[0m create_environment_hook('gazebo_ros2_control', 'ld_library_path_lib')
[12.708s] [34mcolcon.colcon_core.shell[0m [1;30mINFO[0m Creating environment hook '/home/nagase/ROS/ros2_controller_gazebo/glide_robot_without_ros2_contoller/install/gazebo_ros2_control/share/gazebo_ros2_control/hook/ld_library_path_lib.ps1'
[12.708s] [34mcolcon.colcon_core.shell[0m [1;30mINFO[0m Creating environment descriptor '/home/nagase/ROS/ros2_controller_gazebo/glide_robot_without_ros2_contoller/install/gazebo_ros2_control/share/gazebo_ros2_control/hook/ld_library_path_lib.dsv'
[12.708s] [34mcolcon.colcon_core.shell[0m [1;30mINFO[0m Creating environment hook '/home/nagase/ROS/ros2_controller_gazebo/glide_robot_without_ros2_contoller/install/gazebo_ros2_control/share/gazebo_ros2_control/hook/ld_library_path_lib.sh'
[12.709s] [34mcolcon.colcon_core.environment[0m [1;30mLevel 1[0m checking '/home/nagase/ROS/ros2_controller_gazebo/glide_robot_without_ros2_contoller/install/gazebo_ros2_control/bin'
[12.709s] [34mcolcon.colcon_core.environment[0m [1;30mLevel 1[0m checking '/home/nagase/ROS/ros2_controller_gazebo/glide_robot_without_ros2_contoller/install/gazebo_ros2_control/lib/pkgconfig/gazebo_ros2_control.pc'
[12.709s] [34mcolcon.colcon_core.environment[0m [1;30mLevel 1[0m checking '/home/nagase/ROS/ros2_controller_gazebo/glide_robot_without_ros2_contoller/install/gazebo_ros2_control/lib/python3.8/site-packages'
[12.709s] [34mcolcon.colcon_core.shell[0m [1;30mINFO[0m Creating package script '/home/nagase/ROS/ros2_controller_gazebo/glide_robot_without_ros2_contoller/install/gazebo_ros2_control/share/gazebo_ros2_control/package.ps1'
[12.710s] [34mcolcon.colcon_core.shell[0m [1;30mINFO[0m Creating package descriptor '/home/nagase/ROS/ros2_controller_gazebo/glide_robot_without_ros2_contoller/install/gazebo_ros2_control/share/gazebo_ros2_control/package.dsv'
[12.710s] [34mcolcon.colcon_core.shell[0m [1;30mINFO[0m Creating package script '/home/nagase/ROS/ros2_controller_gazebo/glide_robot_without_ros2_contoller/install/gazebo_ros2_control/share/gazebo_ros2_control/package.sh'
[12.711s] [34mcolcon.colcon_core.shell[0m [1;30mINFO[0m Creating package script '/home/nagase/ROS/ros2_controller_gazebo/glide_robot_without_ros2_contoller/install/gazebo_ros2_control/share/gazebo_ros2_control/package.bash'
[12.711s] [34mcolcon.colcon_core.shell[0m [1;30mINFO[0m Creating package script '/home/nagase/ROS/ros2_controller_gazebo/glide_robot_without_ros2_contoller/install/gazebo_ros2_control/share/gazebo_ros2_control/package.zsh'
[12.711s] [34mcolcon.colcon_core.environment[0m [1;30mLevel 1[0m create_file_with_runtime_dependencies(/home/nagase/ROS/ros2_controller_gazebo/glide_robot_without_ros2_contoller/install/gazebo_ros2_control/share/colcon-core/packages/gazebo_ros2_control)
[12.712s] [34mcolcon.colcon_ros.task.ament_cmake.build[0m [1;30mINFO[0m Building ROS package in '/home/nagase/ROS/ros2_controller_gazebo/glide_robot_without_ros2_contoller/gazebo_ros2_control_demos' with build type 'ament_cmake'
[12.712s] [34mcolcon.colcon_cmake.task.cmake.build[0m [1;30mINFO[0m Building CMake package in '/home/nagase/ROS/ros2_controller_gazebo/glide_robot_without_ros2_contoller/gazebo_ros2_control_demos'
[12.712s] [34mcolcon.colcon_core.shell[0m [1;30mINFO[0m Skip shell extension 'powershell' for command environment: Not usable outside of PowerShell
[12.712s] [34mcolcon.colcon_core.shell[0m [1;30mDEBUG[0m [32mSkip shell extension 'dsv' for command environment[0m
[12.714s] [34mcolcon.colcon_core.shell[0m [1;30mDEBUG[0m [32mIgnoring prefix path '/opt/ros/foxy'[0m
[12.721s] [34mcolcon.colcon_core.event_handler.log_command[0m [1;30mDEBUG[0m [32mInvoking command in '/home/nagase/ROS/ros2_controller_gazebo/glide_robot_without_ros2_contoller/build/gazebo_ros2_control_demos': CMAKE_PREFIX_PATH=/home/nagase/ROS/ros2_controller_gazebo/glide_robot_without_ros2_contoller/install/gazebo_ros2_control:/home/nagase/ROS/ros2_controller_gazebo/glide_robot_without_ros2_contoller/install/gazebo_ros2_control_demos:/home/nagase/ROS/ros2_controller_gazebo/glide_robot_ros2_controller/install/gazebo_ros2_control_demos:/home/nagase/ROS/ros2_controller_gazebo/glide_robot_ros2_controller/install/gazebo_ros2_control:/home/nagase/ROS/ros2_controller_gazebo/install/gazebo_ros2_control_demos:/home/nagase/ROS/ros2_controller_gazebo/install/gazebo_ros2_control:/opt/ros/foxy /usr/bin/cmake /home/nagase/ROS/ros2_controller_gazebo/glide_robot_without_ros2_contoller/gazebo_ros2_control_demos -DCMAKE_INSTALL_PREFIX=/home/nagase/ROS/ros2_controller_gazebo/glide_robot_without_ros2_contoller/install/gazebo_ros2_control_demos[0m
[14.273s] [34mcolcon.colcon_core.event_handler.log_command[0m [1;30mDEBUG[0m [32mInvoked command in '/home/nagase/ROS/ros2_controller_gazebo/glide_robot_without_ros2_contoller/build/gazebo_ros2_control_demos' returned '0': CMAKE_PREFIX_PATH=/home/nagase/ROS/ros2_controller_gazebo/glide_robot_without_ros2_contoller/install/gazebo_ros2_control:/home/nagase/ROS/ros2_controller_gazebo/glide_robot_without_ros2_contoller/install/gazebo_ros2_control_demos:/home/nagase/ROS/ros2_controller_gazebo/glide_robot_ros2_controller/install/gazebo_ros2_control_demos:/home/nagase/ROS/ros2_controller_gazebo/glide_robot_ros2_controller/install/gazebo_ros2_control:/home/nagase/ROS/ros2_controller_gazebo/install/gazebo_ros2_control_demos:/home/nagase/ROS/ros2_controller_gazebo/install/gazebo_ros2_control:/opt/ros/foxy /usr/bin/cmake /home/nagase/ROS/ros2_controller_gazebo/glide_robot_without_ros2_contoller/gazebo_ros2_control_demos -DCMAKE_INSTALL_PREFIX=/home/nagase/ROS/ros2_controller_gazebo/glide_robot_without_ros2_contoller/install/gazebo_ros2_control_demos[0m
[14.274s] [34mcolcon.colcon_core.event_handler.log_command[0m [1;30mDEBUG[0m [32mInvoking command in '/home/nagase/ROS/ros2_controller_gazebo/glide_robot_without_ros2_contoller/build/gazebo_ros2_control_demos': CMAKE_PREFIX_PATH=/home/nagase/ROS/ros2_controller_gazebo/glide_robot_without_ros2_contoller/install/gazebo_ros2_control:/home/nagase/ROS/ros2_controller_gazebo/glide_robot_without_ros2_contoller/install/gazebo_ros2_control_demos:/home/nagase/ROS/ros2_controller_gazebo/glide_robot_ros2_controller/install/gazebo_ros2_control_demos:/home/nagase/ROS/ros2_controller_gazebo/glide_robot_ros2_controller/install/gazebo_ros2_control:/home/nagase/ROS/ros2_controller_gazebo/install/gazebo_ros2_control_demos:/home/nagase/ROS/ros2_controller_gazebo/install/gazebo_ros2_control:/opt/ros/foxy /usr/bin/cmake --build /home/nagase/ROS/ros2_controller_gazebo/glide_robot_without_ros2_contoller/build/gazebo_ros2_control_demos -- -j8 -l8[0m
[14.302s] [34mcolcon.colcon_core.event_handler.log_command[0m [1;30mDEBUG[0m [32mInvoked command in '/home/nagase/ROS/ros2_controller_gazebo/glide_robot_without_ros2_contoller/build/gazebo_ros2_control_demos' returned '0': CMAKE_PREFIX_PATH=/home/nagase/ROS/ros2_controller_gazebo/glide_robot_without_ros2_contoller/install/gazebo_ros2_control:/home/nagase/ROS/ros2_controller_gazebo/glide_robot_without_ros2_contoller/install/gazebo_ros2_control_demos:/home/nagase/ROS/ros2_controller_gazebo/glide_robot_ros2_controller/install/gazebo_ros2_control_demos:/home/nagase/ROS/ros2_controller_gazebo/glide_robot_ros2_controller/install/gazebo_ros2_control:/home/nagase/ROS/ros2_controller_gazebo/install/gazebo_ros2_control_demos:/home/nagase/ROS/ros2_controller_gazebo/install/gazebo_ros2_control:/opt/ros/foxy /usr/bin/cmake --build /home/nagase/ROS/ros2_controller_gazebo/glide_robot_without_ros2_contoller/build/gazebo_ros2_control_demos -- -j8 -l8[0m
[14.316s] [34mcolcon.colcon_core.event_handler.log_command[0m [1;30mDEBUG[0m [32mInvoking command in '/home/nagase/ROS/ros2_controller_gazebo/glide_robot_without_ros2_contoller/build/gazebo_ros2_control_demos': CMAKE_PREFIX_PATH=/home/nagase/ROS/ros2_controller_gazebo/glide_robot_without_ros2_contoller/install/gazebo_ros2_control:/home/nagase/ROS/ros2_controller_gazebo/glide_robot_without_ros2_contoller/install/gazebo_ros2_control_demos:/home/nagase/ROS/ros2_controller_gazebo/glide_robot_ros2_controller/install/gazebo_ros2_control_demos:/home/nagase/ROS/ros2_controller_gazebo/glide_robot_ros2_controller/install/gazebo_ros2_control:/home/nagase/ROS/ros2_controller_gazebo/install/gazebo_ros2_control_demos:/home/nagase/ROS/ros2_controller_gazebo/install/gazebo_ros2_control:/opt/ros/foxy /usr/bin/cmake --install /home/nagase/ROS/ros2_controller_gazebo/glide_robot_without_ros2_contoller/build/gazebo_ros2_control_demos[0m
[14.328s] [34mcolcon.colcon_core.environment[0m [1;30mLevel 1[0m create_environment_scripts_only(gazebo_ros2_control_demos)
[14.329s] [34mcolcon.colcon_core.environment[0m [1;30mLevel 1[0m checking '/home/nagase/ROS/ros2_controller_gazebo/glide_robot_without_ros2_contoller/install/gazebo_ros2_control_demos' for CMake module files
[14.330s] [34mcolcon.colcon_core.event_handler.log_command[0m [1;30mDEBUG[0m [32mInvoked command in '/home/nagase/ROS/ros2_controller_gazebo/glide_robot_without_ros2_contoller/build/gazebo_ros2_control_demos' returned '0': CMAKE_PREFIX_PATH=/home/nagase/ROS/ros2_controller_gazebo/glide_robot_without_ros2_contoller/install/gazebo_ros2_control:/home/nagase/ROS/ros2_controller_gazebo/glide_robot_without_ros2_contoller/install/gazebo_ros2_control_demos:/home/nagase/ROS/ros2_controller_gazebo/glide_robot_ros2_controller/install/gazebo_ros2_control_demos:/home/nagase/ROS/ros2_controller_gazebo/glide_robot_ros2_controller/install/gazebo_ros2_control:/home/nagase/ROS/ros2_controller_gazebo/install/gazebo_ros2_control_demos:/home/nagase/ROS/ros2_controller_gazebo/install/gazebo_ros2_control:/opt/ros/foxy /usr/bin/cmake --install /home/nagase/ROS/ros2_controller_gazebo/glide_robot_without_ros2_contoller/build/gazebo_ros2_control_demos[0m
[14.330s] [34mcolcon.colcon_core.environment[0m [1;30mLevel 1[0m checking '/home/nagase/ROS/ros2_controller_gazebo/glide_robot_without_ros2_contoller/install/gazebo_ros2_control_demos' for CMake config files
[14.331s] [34mcolcon.colcon_core.shell[0m [1;30mLevel 1[0m create_environment_hook('gazebo_ros2_control_demos', 'cmake_prefix_path')
[14.331s] [34mcolcon.colcon_core.shell[0m [1;30mINFO[0m Creating environment hook '/home/nagase/ROS/ros2_controller_gazebo/glide_robot_without_ros2_contoller/install/gazebo_ros2_control_demos/share/gazebo_ros2_control_demos/hook/cmake_prefix_path.ps1'
[14.332s] [34mcolcon.colcon_core.shell[0m [1;30mINFO[0m Creating environment descriptor '/home/nagase/ROS/ros2_controller_gazebo/glide_robot_without_ros2_contoller/install/gazebo_ros2_control_demos/share/gazebo_ros2_control_demos/hook/cmake_prefix_path.dsv'
[14.332s] [34mcolcon.colcon_core.shell[0m [1;30mINFO[0m Creating environment hook '/home/nagase/ROS/ros2_controller_gazebo/glide_robot_without_ros2_contoller/install/gazebo_ros2_control_demos/share/gazebo_ros2_control_demos/hook/cmake_prefix_path.sh'
[14.332s] [34mcolcon.colcon_core.environment[0m [1;30mLevel 1[0m checking '/home/nagase/ROS/ros2_controller_gazebo/glide_robot_without_ros2_contoller/install/gazebo_ros2_control_demos/bin'
[14.332s] [34mcolcon.colcon_core.environment[0m [1;30mLevel 1[0m checking '/home/nagase/ROS/ros2_controller_gazebo/glide_robot_without_ros2_contoller/install/gazebo_ros2_control_demos/lib/pkgconfig/gazebo_ros2_control_demos.pc'
[14.332s] [34mcolcon.colcon_core.environment[0m [1;30mLevel 1[0m checking '/home/nagase/ROS/ros2_controller_gazebo/glide_robot_without_ros2_contoller/install/gazebo_ros2_control_demos/lib/python3.8/site-packages'
[14.333s] [34mcolcon.colcon_core.shell[0m [1;30mINFO[0m Creating package script '/home/nagase/ROS/ros2_controller_gazebo/glide_robot_without_ros2_contoller/install/gazebo_ros2_control_demos/share/gazebo_ros2_control_demos/package.ps1'
[14.333s] [34mcolcon.colcon_core.shell[0m [1;30mINFO[0m Creating package descriptor '/home/nagase/ROS/ros2_controller_gazebo/glide_robot_without_ros2_contoller/install/gazebo_ros2_control_demos/share/gazebo_ros2_control_demos/package.dsv'
[14.334s] [34mcolcon.colcon_core.shell[0m [1;30mINFO[0m Creating package script '/home/nagase/ROS/ros2_controller_gazebo/glide_robot_without_ros2_contoller/install/gazebo_ros2_control_demos/share/gazebo_ros2_control_demos/package.sh'
[14.334s] [34mcolcon.colcon_core.shell[0m [1;30mINFO[0m Creating package script '/home/nagase/ROS/ros2_controller_gazebo/glide_robot_without_ros2_contoller/install/gazebo_ros2_control_demos/share/gazebo_ros2_control_demos/package.bash'
[14.334s] [34mcolcon.colcon_core.shell[0m [1;30mINFO[0m Creating package script '/home/nagase/ROS/ros2_controller_gazebo/glide_robot_without_ros2_contoller/install/gazebo_ros2_control_demos/share/gazebo_ros2_control_demos/package.zsh'
[14.335s] [34mcolcon.colcon_core.environment[0m [1;30mLevel 1[0m create_file_with_runtime_dependencies(/home/nagase/ROS/ros2_controller_gazebo/glide_robot_without_ros2_contoller/install/gazebo_ros2_control_demos/share/colcon-core/packages/gazebo_ros2_control_demos)
[14.356s] [34mcolcon.colcon_core.environment[0m [1;30mLevel 1[0m create_environment_scripts_only(gazebo_ros2_control_demos)
[14.357s] [34mcolcon.colcon_core.environment[0m [1;30mLevel 1[0m checking '/home/nagase/ROS/ros2_controller_gazebo/glide_robot_without_ros2_contoller/install/gazebo_ros2_control_demos' for CMake module files
[14.358s] [34mcolcon.colcon_core.environment[0m [1;30mLevel 1[0m checking '/home/nagase/ROS/ros2_controller_gazebo/glide_robot_without_ros2_contoller/install/gazebo_ros2_control_demos' for CMake config files
[14.358s] [34mcolcon.colcon_core.shell[0m [1;30mLevel 1[0m create_environment_hook('gazebo_ros2_control_demos', 'cmake_prefix_path')
[14.359s] [34mcolcon.colcon_core.shell[0m [1;30mINFO[0m Creating environment hook '/home/nagase/ROS/ros2_controller_gazebo/glide_robot_without_ros2_contoller/install/gazebo_ros2_control_demos/share/gazebo_ros2_control_demos/hook/cmake_prefix_path.ps1'
[14.360s] [34mcolcon.colcon_core.shell[0m [1;30mINFO[0m Creating environment descriptor '/home/nagase/ROS/ros2_controller_gazebo/glide_robot_without_ros2_contoller/install/gazebo_ros2_control_demos/share/gazebo_ros2_control_demos/hook/cmake_prefix_path.dsv'
[14.360s] [34mcolcon.colcon_core.shell[0m [1;30mINFO[0m Creating environment hook '/home/nagase/ROS/ros2_controller_gazebo/glide_robot_without_ros2_contoller/install/gazebo_ros2_control_demos/share/gazebo_ros2_control_demos/hook/cmake_prefix_path.sh'
[14.361s] [34mcolcon.colcon_core.environment[0m [1;30mLevel 1[0m checking '/home/nagase/ROS/ros2_controller_gazebo/glide_robot_without_ros2_contoller/install/gazebo_ros2_control_demos/bin'
[14.361s] [34mcolcon.colcon_core.environment[0m [1;30mLevel 1[0m checking '/home/nagase/ROS/ros2_controller_gazebo/glide_robot_without_ros2_contoller/install/gazebo_ros2_control_demos/lib/pkgconfig/gazebo_ros2_control_demos.pc'
[14.361s] [34mcolcon.colcon_core.environment[0m [1;30mLevel 1[0m checking '/home/nagase/ROS/ros2_controller_gazebo/glide_robot_without_ros2_contoller/install/gazebo_ros2_control_demos/lib/python3.8/site-packages'
[14.362s] [34mcolcon.colcon_core.shell[0m [1;30mINFO[0m Creating package script '/home/nagase/ROS/ros2_controller_gazebo/glide_robot_without_ros2_contoller/install/gazebo_ros2_control_demos/share/gazebo_ros2_control_demos/package.ps1'
[14.363s] [34mcolcon.colcon_core.shell[0m [1;30mINFO[0m Creating package descriptor '/home/nagase/ROS/ros2_controller_gazebo/glide_robot_without_ros2_contoller/install/gazebo_ros2_control_demos/share/gazebo_ros2_control_demos/package.dsv'
[14.364s] [34mcolcon.colcon_core.shell[0m [1;30mINFO[0m Creating package script '/home/nagase/ROS/ros2_controller_gazebo/glide_robot_without_ros2_contoller/install/gazebo_ros2_control_demos/share/gazebo_ros2_control_demos/package.sh'
[14.364s] [34mcolcon.colcon_core.shell[0m [1;30mINFO[0m Creating package script '/home/nagase/ROS/ros2_controller_gazebo/glide_robot_without_ros2_contoller/install/gazebo_ros2_control_demos/share/gazebo_ros2_control_demos/package.bash'
[14.365s] [34mcolcon.colcon_core.shell[0m [1;30mINFO[0m Creating package script '/home/nagase/ROS/ros2_controller_gazebo/glide_robot_without_ros2_contoller/install/gazebo_ros2_control_demos/share/gazebo_ros2_control_demos/package.zsh'
[14.366s] [34mcolcon.colcon_core.environment[0m [1;30mLevel 1[0m create_file_with_runtime_dependencies(/home/nagase/ROS/ros2_controller_gazebo/glide_robot_without_ros2_contoller/install/gazebo_ros2_control_demos/share/colcon-core/packages/gazebo_ros2_control_demos)
[14.366s] [34mcolcon.colcon_parallel_executor.executor.parallel[0m [1;30mDEBUG[0m [32mclosing loop[0m
[14.367s] [34mcolcon.colcon_parallel_executor.executor.parallel[0m [1;30mDEBUG[0m [32mloop closed[0m
[14.367s] [34mcolcon.colcon_parallel_executor.executor.parallel[0m [1;30mDEBUG[0m [32mrun_until_complete finished with '0'[0m
[14.367s] [34mcolcon.colcon_core.event_reactor[0m [1;30mDEBUG[0m [32mjoining thread[0m
[14.376s] [34mcolcon.colcon_core.plugin_system[0m [1;30mINFO[0m Skipping extension 'colcon_notification.desktop_notification.terminal_notifier': Not used on non-Darwin systems
[14.376s] [34mcolcon.colcon_core.plugin_system[0m [1;30mINFO[0m Skipping extension 'colcon_notification.desktop_notification.win32': Not used on non-Windows systems
[14.377s] [34mcolcon.colcon_notification.desktop_notification[0m [1;30mINFO[0m Sending desktop notification using 'notify2'
[14.406s] [34mcolcon.colcon_core.event_reactor[0m [1;30mDEBUG[0m [32mjoined thread[0m
[14.407s] [34mcolcon.colcon_core.shell[0m [1;30mINFO[0m Creating prefix script '/home/nagase/ROS/ros2_controller_gazebo/glide_robot_without_ros2_contoller/install/local_setup.ps1'
[14.409s] [34mcolcon.colcon_core.shell[0m [1;30mINFO[0m Creating prefix util module '/home/nagase/ROS/ros2_controller_gazebo/glide_robot_without_ros2_contoller/install/_local_setup_util_ps1.py'
[14.411s] [34mcolcon.colcon_core.shell[0m [1;30mINFO[0m Creating prefix chain script '/home/nagase/ROS/ros2_controller_gazebo/glide_robot_without_ros2_contoller/install/setup.ps1'
[14.415s] [34mcolcon.colcon_core.shell[0m [1;30mINFO[0m Creating prefix script '/home/nagase/ROS/ros2_controller_gazebo/glide_robot_without_ros2_contoller/install/local_setup.sh'
[14.416s] [34mcolcon.colcon_core.shell[0m [1;30mINFO[0m Creating prefix util module '/home/nagase/ROS/ros2_controller_gazebo/glide_robot_without_ros2_contoller/install/_local_setup_util_sh.py'
[14.417s] [34mcolcon.colcon_core.shell[0m [1;30mINFO[0m Creating prefix chain script '/home/nagase/ROS/ros2_controller_gazebo/glide_robot_without_ros2_contoller/install/setup.sh'
[14.421s] [34mcolcon.colcon_core.shell[0m [1;30mINFO[0m Creating prefix script '/home/nagase/ROS/ros2_controller_gazebo/glide_robot_without_ros2_contoller/install/local_setup.bash'
[14.421s] [34mcolcon.colcon_core.shell[0m [1;30mINFO[0m Creating prefix chain script '/home/nagase/ROS/ros2_controller_gazebo/glide_robot_without_ros2_contoller/install/setup.bash'
[14.424s] [34mcolcon.colcon_core.shell[0m [1;30mINFO[0m Creating prefix script '/home/nagase/ROS/ros2_controller_gazebo/glide_robot_without_ros2_contoller/install/local_setup.zsh'
[14.425s] [34mcolcon.colcon_core.shell[0m [1;30mINFO[0m Creating prefix chain script '/home/nagase/ROS/ros2_controller_gazebo/glide_robot_without_ros2_contoller/install/setup.zsh'
